#
# A fatal error has been detected by the Java Runtime Environment:
#
#  Internal Error (jvmciRuntime.cpp:1609), pid=76, tid=151
#  fatal error: Fatal exception in JVMCI: Error calling jdk.vm.ci.services.Services.serializeSavedProperties
#
# JRE version: OpenJDK Runtime Environment GraalVM CE 22.3.0 (17.0.5+8) (build 17.0.5+8-jvmci-22.3-b08)
# Java VM: OpenJDK 64-Bit Server VM GraalVM CE 22.3.0 (17.0.5+8-jvmci-22.3-b08, mixed mode, sharing, tiered, jvmci, jvmci compiler, compressed oops, compressed class ptrs, parallel gc, linux-amd64)
# Problematic frame:
# V  [libjvm.so+0x972714]  JVMCIRuntime::fatal_exception(JVMCIEnv*, char const*)+0x74
#
# Core dump will be written. Default location: Core dumps may be processed with "/usr/share/apport/apport -p%p -s%s -c%c -d%d -P%P -u%u -g%g -- %E" (or dumping to /home/runner/FlatFreeEngineering/core.76)
#
# If you would like to submit a bug report, please visit:
#   https://github.com/oracle/graal/issues
#

---------------  S U M M A R Y ------------

Command Line: -XX:ThreadPriorityPolicy=1 -XX:+UnlockExperimentalVMOptions -XX:+EnableJVMCIProduct -XX:JVMCIThreadsPerNativeLibraryRuntime=1 -XX:-UnlockExperimentalVMOptions -Declipse.application=org.eclipse.jdt.ls.core.id1 -Dosgi.bundles.defaultStartLevel=4 -Declipse.product=org.eclipse.jdt.ls.core.product -Dlog.level=ALL -Xverify:none -XX:+UseParallelGC -XX:GCTimeRatio=4 -XX:AdaptiveSizePolicyWeight=90 -Dsun.zip.disableMemoryMapping=true -Xmx512m -Xms100m /nix/store/q9712qvwdh22a4krw4jz2sjrz07mvjbl-jdt-language-server-1.9.0/share/java/plugins/org.eclipse.equinox.launcher_1.6.400.v20210924-0641.jar --add-modules=ALL-SYSTEM --add-opens java.base/java.util=ALL-UNNAMED --add-opens java.base/java.lang=ALL-UNNAMED -configuration /home/runner/FlatFreeEngineering/.cache/jdt-language-server/config -data /home/runner/.cache/jdt-language-server/data/home/runner/FlatFreeEngineering

Host: Intel(R) Xeon(R) CPU @ 2.20GHz, 8 cores, 1G, Ubuntu 20.04.2 LTS
Time: Wed Feb 21 01:36:01 2024 UTC elapsed time: 450.964606 seconds (0d 0h 7m 30s)

---------------  T H R E A D  ---------------

Current thread (0x00007f63540b1c90):  JavaThread "JVMCI-native CompilerThread0" daemon [_thread_in_vm, id=151, stack(0x00007f633961a000,0x00007f633981a000)]


Current CompileTask:
JVMCI-native: 450964 8450       4       java.util.LinkedHashMap$LinkedHashIterator::nextNode (54 bytes)

Stack: [0x00007f633961a000,0x00007f633981a000],  sp=0x00007f6339818380,  free space=2040k
Native frames: (J=compiled Java code, j=interpreted, Vv=VM code, C=native code)
V  [libjvm.so+0x972714]  JVMCIRuntime::fatal_exception(JVMCIEnv*, char const*)+0x74
V  [libjvm.so+0x93e2fe]  JVMCIEnv::copy_saved_properties()+0x14e
V  [libjvm.so+0x9732a9]  JVMCIRuntime::initialize(JVMCIEnv*)+0xb19
V  [libjvm.so+0x9738a2]  JVMCIRuntime::get_HotSpotJVMCIRuntime(JVMCIEnv*)+0x12
V  [libjvm.so+0x9749f2]  JVMCIRuntime::compile_method(JVMCIEnv*, JVMCICompiler*, methodHandle const&, int)+0xd2
V  [libjvm.so+0x5b0d20]  CompileBroker::invoke_compiler_on_method(CompileTask*)+0x1470
V  [libjvm.so+0x5b12e8]  CompileBroker::compiler_thread_loop()+0x528
V  [libjvm.so+0xd82460]  JavaThread::thread_main_inner()+0xd0
V  [libjvm.so+0xd85a40]  Thread::call_run()+0xc0
V  [libjvm.so+0xbdb1e1]  thread_native_entry(Thread*)+0xe1

Register to memory mapping:

RAX=0x00007f6359378000 points into unknown readable memory: 0x0000000000000058 | 58 00 00 00 00 00 00 00
RBX=0x00007f635a473398: <offset 0x0000000000ef5398> in /nix/store/gpxl5qgg8kicmcvivwmybwjlpf7wh20l-graalvm17-ce-22.3.0/lib/server/libjvm.so at 0x00007f635957e000
RCX=0x00007f635a42b1e8: <offset 0x0000000000ead1e8> in /nix/store/gpxl5qgg8kicmcvivwmybwjlpf7wh20l-graalvm17-ce-22.3.0/lib/server/libjvm.so at 0x00007f635957e000
RDX=0x0000000000000649 is an unknown value
RSP=0x00007f6339818380 is pointing into the stack for thread: 0x00007f63540b1c90
RBP=0x00007f63398183a0 is pointing into the stack for thread: 0x00007f63540b1c90
RSI=0x00007f635a473c48: <offset 0x0000000000ef5c48> in /nix/store/gpxl5qgg8kicmcvivwmybwjlpf7wh20l-graalvm17-ce-22.3.0/lib/server/libjvm.so at 0x00007f635957e000
RDI=0x00000000e0000000 is an oop: java.lang.String 
{0x00000000e0000000} - klass: 'java/lang/String'
 - string: "bjqUeZgE05wrvYwTxxW8aSddiBXLyz5qsxS9OC+ap0g="
R8 =0x00007f635a473398: <offset 0x0000000000ef5398> in /nix/store/gpxl5qgg8kicmcvivwmybwjlpf7wh20l-graalvm17-ce-22.3.0/lib/server/libjvm.so at 0x00007f635957e000
R9 =0x00007f6339818330 is pointing into the stack for thread: 0x00007f63540b1c90
R10=0x00007f6339819948 is pointing into the stack for thread: 0x00007f63540b1c90
R11=0x0000000000000293 is an unknown value
R12=0x0 is NULL
R13=0x00007f63540b1c90 is a thread
R14=0x00007f6354000b80 points into unknown readable memory: 0x00007f635a6a4a38 | 38 4a 6a 5a 63 7f 00 00
R15=0x00007f635a7b2e40: <offset 0x0000000001234e40> in /nix/store/gpxl5qgg8kicmcvivwmybwjlpf7wh20l-graalvm17-ce-22.3.0/lib/server/libjvm.so at 0x00007f635957e000


Registers:
RAX=0x00007f6359378000, RBX=0x00007f635a473398, RCX=0x00007f635a42b1e8, RDX=0x0000000000000649
RSP=0x00007f6339818380, RBP=0x00007f63398183a0, RSI=0x00007f635a473c48, RDI=0x00000000e0000000
R8 =0x00007f635a473398, R9 =0x00007f6339818330, R10=0x00007f6339819948, R11=0x0000000000000293
R12=0x0000000000000000, R13=0x00007f63540b1c90, R14=0x00007f6354000b80, R15=0x00007f635a7b2e40
RIP=0x00007f6359ef0714, EFLAGS=0x0000000000010206, CSGSFS=0x002b000000000033, ERR=0x0000000000000006
  TRAPNO=0x000000000000000e

Top of Stack: (sp=0x00007f6339818380)
0x00007f6339818380:   00007f6339818940 00007f63540b1c90
0x00007f6339818390:   00007f6358d098c8 0000000800c417a0
0x00007f63398183a0:   00007f6339818500 00007f6359ebc2fe
0x00007f63398183b0:   00007f63398183e0 00007f6339818440 

Instructions: (pc=0x00007f6359ef0714)
0x00007f6359ef0614:   30 e8 f6 cf e8 ff 4c 89 e7 e8 2e 48 d1 ff 84 db
0x00007f6359ef0624:   75 2a 4d 85 ed 74 04 4d 8b 6d 00 48 83 c4 08 44
0x00007f6359ef0634:   89 f9 4c 89 f2 4c 89 ee 5b 4c 89 e7 41 5c 41 5d
0x00007f6359ef0644:   41 5e 41 5f 5d e9 e2 47 d1 ff 66 90 48 83 c4 08
0x00007f6359ef0654:   5b 41 5c 41 5d 41 5e 41 5f 5d c3 90 31 d2 be 08
0x00007f6359ef0664:   00 00 00 4c 89 ff e8 b1 78 a3 ff 49 89 c5 e9 37
0x00007f6359ef0674:   ff ff ff 66 0f 1f 84 00 00 00 00 00 48 8b 7a 08
0x00007f6359ef0684:   e9 6d ff ff ff 0f 1f 80 00 00 00 00 e8 5b 48 0a
0x00007f6359ef0694:   00 84 c0 75 89 e9 6a ff ff ff 66 90 55 48 89 e5
0x00007f6359ef06a4:   41 56 41 55 41 54 49 89 fc 53 48 89 f3 66 48 8d
0x00007f6359ef06b4:   3d 27 5e 85 00 66 66 48 e8 df 43 8d ff 4c 8b 28
0x00007f6359ef06c4:   8b 05 be 72 8a 00 85 c0 75 14 ba 01 00 00 00 48
0x00007f6359ef06d4:   8d 0d ae 72 8a 00 f0 0f b1 11 85 c0 74 4e be c8
0x00007f6359ef06e4:   00 00 00 4c 89 ef e8 01 0b 41 00 48 8d 05 12 ac
0x00007f6359ef06f4:   85 00 49 89 d8 48 8d 0d e8 aa 53 00 ba 49 06 00
0x00007f6359ef0704:   00 48 8d 35 3c 35 58 00 bf 00 00 00 e0 48 8b 00
0x00007f6359ef0714:   c6 00 58 31 c0 e8 e2 91 c6 ff 5b 41 5c 41 5d 41
0x00007f6359ef0724:   5e 5d e9 55 34 26 00 0f 1f 44 00 00 48 8d 05 81
0x00007f6359ef0734:   a3 8b 00 48 89 df 4c 8b 30 e8 9e 43 8d ff 48 89
0x00007f6359ef0744:   de 48 89 c2 49 8b 06 4c 89 f7 ff 50 08 4c 89 f7
0x00007f6359ef0754:   e8 a7 5c 27 00 4d 85 e4 74 12 be 01 00 00 00 4c
0x00007f6359ef0764:   89 e7 e8 35 43 fc ff eb 82 0f 1f 00 be 01 00 00
0x00007f6359ef0774:   00 4c 89 ef e8 d3 fd ff ff e9 6d ff ff ff 66 66
0x00007f6359ef0784:   2e 0f 1f 84 00 00 00 00 00 0f 1f 00 55 48 89 e5
0x00007f6359ef0794:   41 57 41 56 41 55 41 54 53 48 81 ec 08 02 00 00
0x00007f6359ef07a4:   64 48 8b 04 25 28 00 00 00 48 89 45 c8 8b 07 83
0x00007f6359ef07b4:   f8 02 0f 84 11 04 00 00 4c 8b 6f 18 49 89 ff 49
0x00007f6359ef07c4:   89 f4 4d 85 ed 74 14 4c 89 ef e8 5d 57 22 00 41
0x00007f6359ef07d4:   8b 07 83 f8 02 0f 84 19 04 00 00 48 8d 1d 9a 06
0x00007f6359ef07e4:   8a 00 4c 8d 35 0b 3c 58 00 eb 38 90 48 85 d2 7f
0x00007f6359ef07f4:   0d 48 8d 05 b4 c0 85 00 48 83 38 00 7e 0e 41 8b
0x00007f6359ef0804:   77 2c 4c 89 f7 31 c0 e8 a0 b2 f7 ff 49 8b 7f 18 


Stack slot to memory mapping:
stack at sp + 0 slots: 0x00007f6339818940 is pointing into the stack for thread: 0x00007f63540b1c90
stack at sp + 1 slots: 0x00007f63540b1c90 is a thread
stack at sp + 2 slots: 0x00007f6358d098c8 points into unknown readable memory: 0x65730018052dffff | ff ff 2d 05 18 00 73 65
stack at sp + 3 slots: 0x0000000800c417a0 is a pointer to class: 
jdk.vm.ci.services.Services {0x0000000800c417a0}
 - instance size:     2
 - klass size:        65
 - access:            public final synchronized 
 - state:             fully_initialized
 - name:              'jdk/vm/ci/services/Services'
 - super:             'java/lang/Object'
 - sub:               
 - arrays:            NULL
 - methods:           Array<T>(0x00007f6339c42860)
 - method ordering:   Array<T>(0x0000000800928960)
 - default_methods:   Array<T>(0x0000000000000000)
 - local interfaces:  Array<T>(0x00000008005ce810)
 - trans. interfaces: Array<T>(0x00000008005ce810)
 - constants:         constant pool [427] {0x00007f6339c41780} for 'jdk/vm/ci/services/Services' cache=0x00007f6339c43cb8
 - class loader data:  loader data: 0x00007f6354027d10 of 'bootstrap'
 - source file:       'Services.java'
 - class annotations:       Array<T>(0x0000000000000000)
 - class type annotations:  Array<T>(0x0000000000000000)
 - field annotations:       Array<T>(0x0000000000000000)
 - field type annotations:  Array<T>(0x0000000000000000)
 - inner classes:     Array<T>(0x00007f6339c43ba8)
 - nest members:     Array<T>(0x00007f6339c43bc8)
 - permitted subclasses:     Array<T>(0x00000008005ce7a0)
 - java mirror:       a 'java/lang/Class'{0x00000000e021ed10} = 'jdk/vm/ci/services/Services'
 - vtable length      5  (start addr: 0x0000000800c41970)
 - itable length      2 (start addr: 0x0000000800c41998)
 - ---- static fields (3 words):
 - public static final 'IS_BUILDING_NATIVE_IMAGE' 'Z' @128 
 - public static final 'IS_IN_NATIVE_IMAGE' 'Z' @129 
 - private static volatile 'savedProperties' 'Ljava/util/Map;' @112 
 - static final 'JVMCI_ENABLED' 'Z' @130 
 - private static final 'servicesCache' 'Ljava/util/Map;' @116 
 - private static final 'MAX_UNICODE_IN_UTF8_LENGTH' 'I' @120 
 - private static final 'MAX_UTF8_PROPERTY_STRING_LENGTH' 'I' @124 
 - ---- non-static fields (0 words):
 - non-static oop maps: 
stack at sp + 4 slots: 0x00007f6339818500 is pointing into the stack for thread: 0x00007f63540b1c90
stack at sp + 5 slots: 0x00007f6359ebc2fe: <offset 0x000000000093e2fe> in /nix/store/gpxl5qgg8kicmcvivwmybwjlpf7wh20l-graalvm17-ce-22.3.0/lib/server/libjvm.so at 0x00007f635957e000
stack at sp + 6 slots: 0x00007f63398183e0 is pointing into the stack for thread: 0x00007f63540b1c90
stack at sp + 7 slots: 0x00007f6339818440 is pointing into the stack for thread: 0x00007f63540b1c90


---------------  P R O C E S S  ---------------

Threads class SMR info:
_java_thread_list=0x00007f62dc0fd410, length=28, elements={
0x00007f6354025fb0, 0x00007f63540a5f50, 0x00007f63540a7390, 0x00007f63540adb00,
0x00007f63540aeeb0, 0x00007f63540b02a0, 0x00007f63540b1c90, 0x00007f63540b31a0,
0x00007f63540b45f0, 0x00007f63540df7c0, 0x00007f6354127a80, 0x00007f63543681c0,
0x00007f6354391830, 0x00007f62f4006500, 0x00007f6354389f40, 0x00007f62ec02e9c0,
0x00007f62ec3ed5b0, 0x00007f62dc0010d0, 0x00007f62ec5d9150, 0x00007f62ec79b6f0,
0x00007f6354249c30, 0x00007f635441f7c0, 0x00007f62e4003a20, 0x00007f62c41791d0,
0x00007f62c40ecd90, 0x00007f62b4006df0, 0x00007f62e4001550, 0x00007f62dc0198c0
}

Java Threads: ( => current thread )
  0x00007f6354025fb0 JavaThread "main" [_thread_blocked, id=141, stack(0x00007f6359399000,0x00007f6359499000)]
  0x00007f63540a5f50 JavaThread "Reference Handler" daemon [_thread_blocked, id=146, stack(0x00007f63583b0000,0x00007f63584b0000)]
  0x00007f63540a7390 JavaThread "Finalizer" daemon [_thread_blocked, id=147, stack(0x00007f63582b0000,0x00007f63583b0000)]
  0x00007f63540adb00 JavaThread "Signal Dispatcher" daemon [_thread_blocked, id=148, stack(0x00007f63581b0000,0x00007f63582b0000)]
  0x00007f63540aeeb0 JavaThread "Service Thread" daemon [_thread_blocked, id=149, stack(0x00007f63580b0000,0x00007f63581b0000)]
  0x00007f63540b02a0 JavaThread "Monitor Deflation Thread" daemon [_thread_blocked, id=150, stack(0x00007f633981a000,0x00007f633991a000)]
=>0x00007f63540b1c90 JavaThread "JVMCI-native CompilerThread0" daemon [_thread_in_vm, id=151, stack(0x00007f633961a000,0x00007f633981a000)]
  0x00007f63540b31a0 JavaThread "C1 CompilerThread0" daemon [_thread_blocked, id=152, stack(0x00007f633941a000,0x00007f633961a000)]
  0x00007f63540b45f0 JavaThread "Sweeper thread" daemon [_thread_blocked, id=153, stack(0x00007f633931a000,0x00007f633941a000)]
  0x00007f63540df7c0 JavaThread "Common-Cleaner" daemon [_thread_blocked, id=155, stack(0x00007f633921a000,0x00007f633931a000)]
  0x00007f6354127a80 JavaThread "Notification Thread" daemon [_thread_blocked, id=156, stack(0x00007f633911a000,0x00007f633921a000)]
  0x00007f63543681c0 JavaThread "Active Thread: Equinox Container: f5a26f2f-9bf3-4880-8d4a-45ef40f6cfa8" [_thread_blocked, id=171, stack(0x00007f6338e00000,0x00007f6338f00000)]
  0x00007f6354391830 JavaThread "Refresh Thread: Equinox Container: f5a26f2f-9bf3-4880-8d4a-45ef40f6cfa8" daemon [_thread_blocked, id=172, stack(0x00007f6338c00000,0x00007f6338d00000)]
  0x00007f62f4006500 JavaThread "Framework Event Dispatcher: Equinox Container: f5a26f2f-9bf3-4880-8d4a-45ef40f6cfa8" daemon [_thread_blocked, id=179, stack(0x00007f6338a00000,0x00007f6338b00000)]
  0x00007f6354389f40 JavaThread "Start Level: Equinox Container: f5a26f2f-9bf3-4880-8d4a-45ef40f6cfa8" daemon [_thread_blocked, id=180, stack(0x00007f6338800000,0x00007f6338900000)]
  0x00007f62ec02e9c0 JavaThread "SCR Component Actor" daemon [_thread_blocked, id=181, stack(0x00007f6338600000,0x00007f6338700000)]
  0x00007f62ec3ed5b0 JavaThread "Worker-JM" [_thread_blocked, id=185, stack(0x00007f6338200000,0x00007f6338300000)]
  0x00007f62dc0010d0 JavaThread "Worker-1: Refreshing workspace" [_thread_blocked, id=191, stack(0x00007f6300900000,0x00007f6300a00000)]
  0x00007f62ec5d9150 JavaThread "Java indexing" daemon [_thread_blocked, id=192, stack(0x00007f6300700000,0x00007f6300800000)]
  0x00007f62ec79b6f0 JavaThread "Bundle File Closer" daemon [_thread_blocked, id=193, stack(0x00007f6300500000,0x00007f6300600000)]
  0x00007f6354249c30 JavaThread "pool-3-thread-1" [_thread_blocked, id=196, stack(0x00007f6300300000,0x00007f6300400000)]
  0x00007f635441f7c0 JavaThread "pool-2-thread-1" [_thread_blocked, id=202, stack(0x00007f62fff00000,0x00007f6300000000)]
  0x00007f62e4003a20 JavaThread "Worker-5: Publish Diagnostics" [_thread_blocked, id=277, stack(0x00007f62ffb00000,0x00007f62ffc00000)]
  0x00007f62c41791d0 JavaThread "Thread-9" [_thread_blocked, id=470, stack(0x00007f6338900000,0x00007f6338a00000)]
  0x00007f62c40ecd90 JavaThread "Thread-15" [_thread_blocked, id=488, stack(0x00007f62ffd00000,0x00007f62ffe00000)]
  0x00007f62b4006df0 JavaThread "Worker-6: Updating workspace" [_thread_blocked, id=620, stack(0x00007f6338400000,0x00007f6338500000)]
  0x00007f62e4001550 JavaThread "Worker-7: Compacting resource model" [_thread_blocked, id=668, stack(0x00007f6338000000,0x00007f6338100000)]
  0x00007f62dc0198c0 JavaThread "Worker-8" [_thread_blocked, id=1002, stack(0x00007f6338500000,0x00007f6338600000)]

Other Threads:
  0x00007f63540a1690 VMThread "VM Thread" [stack: 0x00007f63584b2000,0x00007f63585b2000] [id=145] _threads_hazard_ptr=0x00007f62dc0fd410
  0x00007f6354129420 WatcherThread [stack: 0x00007f633901a000,0x00007f633911a000] [id=157]
  0x00007f635403d8b0 GCTaskThread "GC Thread#0" [stack: 0x00007f6358f5c000,0x00007f635905c000] [id=142]

Threads with active compile tasks:
JVMCI-native CompilerThread0   451036 8450       4       java.util.LinkedHashMap$LinkedHashIterator::nextNode (54 bytes)

VM state: synchronizing (normal execution)

VM Mutex/Monitor currently owned by a thread:  ([mutex/lock_event])
[0x00007f6354023100] Threads_lock - owner thread: 0x00007f63540a1690
[0x00007f63540238b0] Heap_lock - owner thread: 0x00007f62e4003a20

OutOfMemory and StackOverflow Exception counts:
OutOfMemoryError java_heap_errors=4
LinkageErrors=62

Heap address: 0x00000000e0000000, size: 512 MB, Compressed Oops mode: 32-bit

CDS archive(s) mapped at: [0x0000000800000000-0x0000000800bc8000-0x0000000800bc8000), size 12353536, SharedBaseAddress: 0x0000000800000000, ArchiveRelocationMode: 0.
Compressed class space mapped at: 0x0000000800c00000-0x0000000840c00000, reserved size: 1073741824
Narrow klass base: 0x0000000800000000, Narrow klass shift: 0, Narrow klass range: 0x100000000

GC Precious Log:
 CPUs: 8 total, 1 available
 Memory: 1024M
 Large Page Support: Disabled
 NUMA Support: Disabled
 Compressed Oops: Enabled (32-bit)
 Alignments: Space 512K, Generation 512K, Heap 2M
 Heap Min Capacity: 100M
 Heap Initial Capacity: 100M
 Heap Max Capacity: 512M
 Pre-touch: Disabled
 Parallel Workers: 1

Heap:
 PSYoungGen      total 37376K, used 25087K [0x00000000f5580000, 0x00000000f8800000, 0x0000000100000000)
  eden space 25088K, 99% used [0x00000000f5580000,0x00000000f6dffff8,0x00000000f6e00000)
  from space 12288K, 0% used [0x00000000f7a00000,0x00000000f7a00000,0x00000000f8600000)
  to   space 12288K, 0% used [0x00000000f6e00000,0x00000000f6e00000,0x00000000f7a00000)
 ParOldGen       total 349696K, used 349695K [0x00000000e0000000, 0x00000000f5580000, 0x00000000f5580000)
  object space 349696K, 99% used [0x00000000e0000000,0x00000000f557fff8,0x00000000f5580000)
 Metaspace       used 55561K, committed 56512K, reserved 1105920K
  class space    used 5578K, committed 6016K, reserved 1048576K

Card table byte_map: [0x00007f635905c000,0x00007f635915d000] _byte_map_base: 0x00007f635895c000

Marking Bits: (ParMarkBitMap*) 0x00007f635a7ac4c0
 Begin Bits: [0x00007f633a4b3000, 0x00007f633acb3000)
 End Bits:   [0x00007f633acb3000, 0x00007f633b4b3000)

Polling page: 0x00007f6359376000

Metaspace:

Usage:
  Non-class:     48.81 MB used.
      Class:      5.45 MB used.
       Both:     54.26 MB used.

Virtual space:
  Non-class space:       56.00 MB reserved,      49.31 MB ( 88%) committed,  7 nodes.
      Class space:        1.00 GB reserved,       5.88 MB ( <1%) committed,  1 nodes.
             Both:        1.05 GB reserved,      55.19 MB (  5%) committed. 

Chunk freelists:
   Non-Class:  1.78 MB
       Class:  2.20 MB
        Both:  3.98 MB

MaxMetaspaceSize: unlimited
CompressedClassSpaceSize: 1.00 GB
Initial GC threshold: 21.00 MB
Current GC threshold: 91.88 MB
CDS: on
MetaspaceReclaimPolicy: balanced
 - commit_granule_bytes: 65536.
 - commit_granule_words: 8192.
 - virtual_space_node_default_size: 1048576.
 - enlarge_chunks_in_place: 1.
 - new_chunks_are_fully_committed: 0.
 - uncommit_free_chunks: 1.
 - use_allocation_guard: 0.
 - handle_deallocations: 1.


Internal statistics:

num_allocs_failed_limit: 6.
num_arena_births: 482.
num_arena_deaths: 148.
num_vsnodes_births: 8.
num_vsnodes_deaths: 0.
num_space_committed: 882.
num_space_uncommitted: 0.
num_chunks_returned_to_freelist: 209.
num_chunks_taken_from_freelist: 2695.
num_chunk_merges: 88.
num_chunk_splits: 1695.
num_chunks_enlarged: 1033.
num_purges: 4.
num_inconsistent_stats: 0.

CodeHeap 'non-profiled nmethods': size=120036Kb used=2403Kb max_used=2583Kb free=117632Kb
 bounds [0x00007f6342f7a000, 0x00007f634320a000, 0x00007f634a4b3000]
CodeHeap 'profiled nmethods': size=120032Kb used=12544Kb max_used=14923Kb free=107487Kb
 bounds [0x00007f633ba42000, 0x00007f633c912000, 0x00007f6342f7a000]
CodeHeap 'non-nmethods': size=5692Kb used=1364Kb max_used=1380Kb free=4327Kb
 bounds [0x00007f633b4b3000, 0x00007f633b723000, 0x00007f633ba42000]
 total_blobs=6898 nmethods=6201 adapters=603
 compilation: enabled
              stopped_count=0, restarted_count=0
 full_count=0

JVMCI Events (20 events):
Event: 265.759 Thread 0x00007f63540b1c90 destroyed JavaVM[2]@0x00007f62bda9e340 for JVMCI runtime 0
Event: 265.759 Thread 0x00007f63540b1c90 compacted oop handles in JVMCI runtime 0 from 39 to 39
Event: 265.759 Thread 0x00007f63540b1c90 releasing handles for JVMCI runtime 0: oop handles=39, metadata handles={total=293, live=291, blocks=31}
Event: 265.759 Thread 0x00007f63540b1c90 detached from JVMCI runtime 0
Event: 265.759 Thread 0x00007f63540b1c90 attached to JVMCI runtime 0
Event: 265.785 Thread 0x00007f63540b1c90 created JavaVM[3]@0x00007f62bda9e340 for JVMCI runtime 0
Event: 267.653 Thread 0x00007f63540b1c90 initializing JVMCI runtime 0
Event: 267.653 Thread 0x00007f63540b1c90 done waiting for JavaVM references initialization in JVMCI runtime 0
Event: 342.704 Thread 0x00007f63540b1c90 initialized JVMCI runtime 0
Event: 389.293 Thread 0x00007f63540b1c90 detaching from JVMCI runtime 0: releasing idle compiler thread (0 other threads still attached)
Event: 389.293 Thread 0x00007f63540b1c90 shutting down HotSpotJVMCIRuntime for JVMCI runtime 0
Event: 389.293 Thread 0x00007f63540b1c90 shut down JVMCI runtime 0
Event: 390.955 Thread 0x00007f63540b1c90 destroyed JavaVM[3]@0x00007f62bda9e340 for JVMCI runtime 0
Event: 390.955 Thread 0x00007f63540b1c90 compacted oop handles in JVMCI runtime 0 from 47 to 47
Event: 390.955 Thread 0x00007f63540b1c90 releasing handles for JVMCI runtime 0: oop handles=47, metadata handles={total=94, live=82, blocks=31}
Event: 390.955 Thread 0x00007f63540b1c90 detached from JVMCI runtime 0
Event: 407.536 Thread 0x00007f63540b1c90 attached to JVMCI runtime 0
Event: 407.538 Thread 0x00007f63540b1c90 created JavaVM[4]@0x00007f62bda9e340 for JVMCI runtime 0
Event: 409.053 Thread 0x00007f63540b1c90 initializing JVMCI runtime 0
Event: 409.053 Thread 0x00007f63540b1c90 done waiting for JavaVM references initialization in JVMCI runtime 0

Compilation events (20 events):
Event: 332.947 Thread 0x00007f63540b31a0 8445       3       java.lang.invoke.VarHandleReferences$FieldInstanceReadWrite::compareAndSet (48 bytes)
Event: 339.536 Thread 0x00007f63540b31a0 nmethod 8445 0x00007f633bbddc10 code [0x00007f633bbdde80, 0x00007f633bbdea00]
Event: 342.730 Thread 0x00007f63540b31a0 8446       3       org.eclipse.core.internal.events.ResourceDelta::getResource (111 bytes)
Event: 346.132 Thread 0x00007f63540b31a0 nmethod 8446 0x00007f633bb22610 code [0x00007f633bb228c0, 0x00007f633bb23760]
Event: 373.443 Thread 0x00007f63540b31a0 8448       3       com.google.gson.stream.JsonWriter::open (19 bytes)
Event: 373.444 Thread 0x00007f63540b31a0 nmethod 8448 0x00007f633bead090 code [0x00007f633bead260, 0x00007f633bead620]
Event: 378.134 Thread 0x00007f63540b1c90 nmethod 8440 0x00007f63430b5e90 code [0x00007f63430b6000, 0x00007f63430b6160]
Event: 378.134 Thread 0x00007f63540b1c90 8447       4       java.lang.StringBuilder::length (5 bytes)
Event: 378.136 Thread 0x00007f63540b1c90 nmethod 8447 0x00007f63430b5a90 code [0x00007f63430b5c00, 0x00007f63430b5c40]
Event: 378.136 Thread 0x00007f63540b1c90 8443       4       java.util.Hashtable$Enumerator::nextElement (111 bytes)
Event: 382.885 Thread 0x00007f63540b1c90 nmethod 8443 0x00007f63430ff210 code [0x00007f63430ff380, 0x00007f63430ff450]
Event: 382.885 Thread 0x00007f63540b1c90 8442       4       java.util.Hashtable$Enumerator::next (27 bytes)
Event: 387.685 Thread 0x00007f63540b1c90 nmethod 8442 0x00007f63430fed10 code [0x00007f63430fee80, 0x00007f63430fefa0]
Event: 389.294 Thread 0x00007f63540b31a0 8449       3       com.google.gson.stream.JsonWriter::close (95 bytes)
Event: 407.536 Thread 0x00007f63540b1c90 8450       4       java.util.LinkedHashMap$LinkedHashIterator::nextNode (54 bytes)
Event: 412.186 Thread 0x00007f63540b31a0 nmethod 8449 0x00007f633c0d4610 code [0x00007f633c0d48a0, 0x00007f633c0d5390]
Event: 412.186 Thread 0x00007f63540b31a0 8451       3       com.google.gson.internal.bind.ReflectiveTypeAdapterFactory$1::writeField (29 bytes)
Event: 412.187 Thread 0x00007f63540b31a0 nmethod 8451 0x00007f633baf7e10 code [0x00007f633baf8000, 0x00007f633baf8550]
Event: 412.187 Thread 0x00007f63540b31a0 8452       3       com.google.gson.internal.bind.ReflectiveTypeAdapterFactory$1::write (55 bytes)
Event: 412.187 Thread 0x00007f63540b31a0 nmethod 8452 0x00007f633ba80910 code [0x00007f633ba80b20, 0x00007f633ba81440]

GC Heap History (20 events):
Event: 435.355 GC heap before
{Heap before GC invocations=281 (full 210):
 PSYoungGen      total 37376K, used 25087K [0x00000000f5580000, 0x00000000f8800000, 0x0000000100000000)
  eden space 25088K, 99% used [0x00000000f5580000,0x00000000f6dffff8,0x00000000f6e00000)
  from space 12288K, 0% used [0x00000000f7a00000,0x00000000f7a00000,0x00000000f8600000)
  to   space 12288K, 0% used [0x00000000f6e00000,0x00000000f6e00000,0x00000000f7a00000)
 ParOldGen       total 349696K, used 349695K [0x00000000e0000000, 0x00000000f5580000, 0x00000000f5580000)
  object space 349696K, 99% used [0x00000000e0000000,0x00000000f557fdc0,0x00000000f5580000)
 Metaspace       used 55557K, committed 56448K, reserved 1105920K
  class space    used 5577K, committed 5952K, reserved 1048576K
}
Event: 436.897 GC heap after
{Heap after GC invocations=281 (full 210):
 PSYoungGen      total 37376K, used 25087K [0x00000000f5580000, 0x00000000f8800000, 0x0000000100000000)
  eden space 25088K, 99% used [0x00000000f5580000,0x00000000f6dffff8,0x00000000f6e00000)
  from space 12288K, 0% used [0x00000000f6e00000,0x00000000f6e00000,0x00000000f7a00000)
  to   space 12288K, 0% used [0x00000000f7a00000,0x00000000f7a00000,0x00000000f8600000)
 ParOldGen       total 349696K, used 349695K [0x00000000e0000000, 0x00000000f5580000, 0x00000000f5580000)
  object space 349696K, 99% used [0x00000000e0000000,0x00000000f557fdc0,0x00000000f5580000)
 Metaspace       used 55557K, committed 56448K, reserved 1105920K
  class space    used 5577K, committed 5952K, reserved 1048576K
}
Event: 436.897 GC heap before
{Heap before GC invocations=282 (full 211):
 PSYoungGen      total 37376K, used 25087K [0x00000000f5580000, 0x00000000f8800000, 0x0000000100000000)
  eden space 25088K, 99% used [0x00000000f5580000,0x00000000f6dffff8,0x00000000f6e00000)
  from space 12288K, 0% used [0x00000000f6e00000,0x00000000f6e00000,0x00000000f7a00000)
  to   space 12288K, 0% used [0x00000000f7a00000,0x00000000f7a00000,0x00000000f8600000)
 ParOldGen       total 349696K, used 349695K [0x00000000e0000000, 0x00000000f5580000, 0x00000000f5580000)
  object space 349696K, 99% used [0x00000000e0000000,0x00000000f557ffa0,0x00000000f5580000)
 Metaspace       used 55557K, committed 56448K, reserved 1105920K
  class space    used 5577K, committed 5952K, reserved 1048576K
}
Event: 438.551 GC heap after
{Heap after GC invocations=282 (full 211):
 PSYoungGen      total 37376K, used 25087K [0x00000000f5580000, 0x00000000f8800000, 0x0000000100000000)
  eden space 25088K, 99% used [0x00000000f5580000,0x00000000f6dfff58,0x00000000f6e00000)
  from space 12288K, 0% used [0x00000000f7a00000,0x00000000f7a00000,0x00000000f8600000)
  to   space 12288K, 0% used [0x00000000f6e00000,0x00000000f6e00000,0x00000000f7a00000)
 ParOldGen       total 349696K, used 349695K [0x00000000e0000000, 0x00000000f5580000, 0x00000000f5580000)
  object space 349696K, 99% used [0x00000000e0000000,0x00000000f557ff20,0x00000000f5580000)
 Metaspace       used 55557K, committed 56448K, reserved 1105920K
  class space    used 5577K, committed 5952K, reserved 1048576K
}
Event: 438.551 GC heap before
{Heap before GC invocations=283 (full 212):
 PSYoungGen      total 37376K, used 25087K [0x00000000f5580000, 0x00000000f8800000, 0x0000000100000000)
  eden space 25088K, 99% used [0x00000000f5580000,0x00000000f6dfff58,0x00000000f6e00000)
  from space 12288K, 0% used [0x00000000f7a00000,0x00000000f7a00000,0x00000000f8600000)
  to   space 12288K, 0% used [0x00000000f6e00000,0x00000000f6e00000,0x00000000f7a00000)
 ParOldGen       total 349696K, used 349695K [0x00000000e0000000, 0x00000000f5580000, 0x00000000f5580000)
  object space 349696K, 99% used [0x00000000e0000000,0x00000000f557ff20,0x00000000f5580000)
 Metaspace       used 55557K, committed 56448K, reserved 1105920K
  class space    used 5577K, committed 5952K, reserved 1048576K
}
Event: 440.096 GC heap after
{Heap after GC invocations=283 (full 212):
 PSYoungGen      total 37376K, used 25087K [0x00000000f5580000, 0x00000000f8800000, 0x0000000100000000)
  eden space 25088K, 99% used [0x00000000f5580000,0x00000000f6dfff58,0x00000000f6e00000)
  from space 12288K, 0% used [0x00000000f6e00000,0x00000000f6e00000,0x00000000f7a00000)
  to   space 12288K, 0% used [0x00000000f7a00000,0x00000000f7a00000,0x00000000f8600000)
 ParOldGen       total 349696K, used 349695K [0x00000000e0000000, 0x00000000f5580000, 0x00000000f5580000)
  object space 349696K, 99% used [0x00000000e0000000,0x00000000f557ff20,0x00000000f5580000)
 Metaspace       used 55557K, committed 56448K, reserved 1105920K
  class space    used 5577K, committed 5952K, reserved 1048576K
}
Event: 440.096 GC heap before
{Heap before GC invocations=284 (full 213):
 PSYoungGen      total 37376K, used 25088K [0x00000000f5580000, 0x00000000f8800000, 0x0000000100000000)
  eden space 25088K, 100% used [0x00000000f5580000,0x00000000f6e00000,0x00000000f6e00000)
  from space 12288K, 0% used [0x00000000f6e00000,0x00000000f6e00000,0x00000000f7a00000)
  to   space 12288K, 0% used [0x00000000f7a00000,0x00000000f7a00000,0x00000000f8600000)
 ParOldGen       total 349696K, used 349695K [0x00000000e0000000, 0x00000000f5580000, 0x00000000f5580000)
  object space 349696K, 99% used [0x00000000e0000000,0x00000000f557ffe0,0x00000000f5580000)
 Metaspace       used 55557K, committed 56448K, reserved 1105920K
  class space    used 5577K, committed 5952K, reserved 1048576K
}
Event: 441.685 GC heap after
{Heap after GC invocations=284 (full 213):
 PSYoungGen      total 37376K, used 25087K [0x00000000f5580000, 0x00000000f8800000, 0x0000000100000000)
  eden space 25088K, 99% used [0x00000000f5580000,0x00000000f6dfff78,0x00000000f6e00000)
  from space 12288K, 0% used [0x00000000f7a00000,0x00000000f7a00000,0x00000000f8600000)
  to   space 12288K, 0% used [0x00000000f6e00000,0x00000000f6e00000,0x00000000f7a00000)
 ParOldGen       total 349696K, used 349694K [0x00000000e0000000, 0x00000000f5580000, 0x00000000f5580000)
  object space 349696K, 99% used [0x00000000e0000000,0x00000000f557fa50,0x00000000f5580000)
 Metaspace       used 55557K, committed 56448K, reserved 1105920K
  class space    used 5577K, committed 5952K, reserved 1048576K
}
Event: 441.687 GC heap before
{Heap before GC invocations=285 (full 214):
 PSYoungGen      total 37376K, used 25087K [0x00000000f5580000, 0x00000000f8800000, 0x0000000100000000)
  eden space 25088K, 99% used [0x00000000f5580000,0x00000000f6dffff0,0x00000000f6e00000)
  from space 12288K, 0% used [0x00000000f7a00000,0x00000000f7a00000,0x00000000f8600000)
  to   space 12288K, 0% used [0x00000000f6e00000,0x00000000f6e00000,0x00000000f7a00000)
 ParOldGen       total 349696K, used 349694K [0x00000000e0000000, 0x00000000f5580000, 0x00000000f5580000)
  object space 349696K, 99% used [0x00000000e0000000,0x00000000f557fa50,0x00000000f5580000)
 Metaspace       used 55557K, committed 56448K, reserved 1105920K
  class space    used 5577K, committed 5952K, reserved 1048576K
}
Event: 443.239 GC heap after
{Heap after GC invocations=285 (full 214):
 PSYoungGen      total 37376K, used 25087K [0x00000000f5580000, 0x00000000f8800000, 0x0000000100000000)
  eden space 25088K, 99% used [0x00000000f5580000,0x00000000f6dfffe0,0x00000000f6e00000)
  from space 12288K, 0% used [0x00000000f6e00000,0x00000000f6e00000,0x00000000f7a00000)
  to   space 12288K, 0% used [0x00000000f7a00000,0x00000000f7a00000,0x00000000f8600000)
 ParOldGen       total 349696K, used 349694K [0x00000000e0000000, 0x00000000f5580000, 0x00000000f5580000)
  object space 349696K, 99% used [0x00000000e0000000,0x00000000f557fa30,0x00000000f5580000)
 Metaspace       used 55557K, committed 56448K, reserved 1105920K
  class space    used 5577K, committed 5952K, reserved 1048576K
}
Event: 443.240 GC heap before
{Heap before GC invocations=286 (full 215):
 PSYoungGen      total 37376K, used 25087K [0x00000000f5580000, 0x00000000f8800000, 0x0000000100000000)
  eden space 25088K, 99% used [0x00000000f5580000,0x00000000f6dffff8,0x00000000f6e00000)
  from space 12288K, 0% used [0x00000000f6e00000,0x00000000f6e00000,0x00000000f7a00000)
  to   space 12288K, 0% used [0x00000000f7a00000,0x00000000f7a00000,0x00000000f8600000)
 ParOldGen       total 349696K, used 349694K [0x00000000e0000000, 0x00000000f5580000, 0x00000000f5580000)
  object space 349696K, 99% used [0x00000000e0000000,0x00000000f557fa30,0x00000000f5580000)
 Metaspace       used 55557K, committed 56448K, reserved 1105920K
  class space    used 5577K, committed 5952K, reserved 1048576K
}
Event: 444.661 GC heap after
{Heap after GC invocations=286 (full 215):
 PSYoungGen      total 37376K, used 25087K [0x00000000f5580000, 0x00000000f8800000, 0x0000000100000000)
  eden space 25088K, 99% used [0x00000000f5580000,0x00000000f6dfff98,0x00000000f6e00000)
  from space 12288K, 0% used [0x00000000f7a00000,0x00000000f7a00000,0x00000000f8600000)
  to   space 12288K, 0% used [0x00000000f6e00000,0x00000000f6e00000,0x00000000f7a00000)
 ParOldGen       total 349696K, used 349694K [0x00000000e0000000, 0x00000000f5580000, 0x00000000f5580000)
  object space 349696K, 99% used [0x00000000e0000000,0x00000000f557f9d8,0x00000000f5580000)
 Metaspace       used 55557K, committed 56448K, reserved 1105920K
  class space    used 5577K, committed 5952K, reserved 1048576K
}
Event: 444.662 GC heap before
{Heap before GC invocations=287 (full 216):
 PSYoungGen      total 37376K, used 25087K [0x00000000f5580000, 0x00000000f8800000, 0x0000000100000000)
  eden space 25088K, 99% used [0x00000000f5580000,0x00000000f6dfffb8,0x00000000f6e00000)
  from space 12288K, 0% used [0x00000000f7a00000,0x00000000f7a00000,0x00000000f8600000)
  to   space 12288K, 0% used [0x00000000f6e00000,0x00000000f6e00000,0x00000000f7a00000)
 ParOldGen       total 349696K, used 349694K [0x00000000e0000000, 0x00000000f5580000, 0x00000000f5580000)
  object space 349696K, 99% used [0x00000000e0000000,0x00000000f557f9d8,0x00000000f5580000)
 Metaspace       used 55560K, committed 56512K, reserved 1105920K
  class space    used 5577K, committed 6016K, reserved 1048576K
}
Event: 446.287 GC heap after
{Heap after GC invocations=287 (full 216):
 PSYoungGen      total 37376K, used 25087K [0x00000000f5580000, 0x00000000f8800000, 0x0000000100000000)
  eden space 25088K, 99% used [0x00000000f5580000,0x00000000f6dfffb8,0x00000000f6e00000)
  from space 12288K, 0% used [0x00000000f6e00000,0x00000000f6e00000,0x00000000f7a00000)
  to   space 12288K, 0% used [0x00000000f7a00000,0x00000000f7a00000,0x00000000f8600000)
 ParOldGen       total 349696K, used 349694K [0x00000000e0000000, 0x00000000f5580000, 0x00000000f5580000)
  object space 349696K, 99% used [0x00000000e0000000,0x00000000f557f9d8,0x00000000f5580000)
 Metaspace       used 55560K, committed 56512K, reserved 1105920K
  class space    used 5577K, committed 6016K, reserved 1048576K
}
Event: 446.288 GC heap before
{Heap before GC invocations=288 (full 217):
 PSYoungGen      total 37376K, used 25088K [0x00000000f5580000, 0x00000000f8800000, 0x0000000100000000)
  eden space 25088K, 100% used [0x00000000f5580000,0x00000000f6e00000,0x00000000f6e00000)
  from space 12288K, 0% used [0x00000000f6e00000,0x00000000f6e00000,0x00000000f7a00000)
  to   space 12288K, 0% used [0x00000000f7a00000,0x00000000f7a00000,0x00000000f8600000)
 ParOldGen       total 349696K, used 349695K [0x00000000e0000000, 0x00000000f5580000, 0x00000000f5580000)
  object space 349696K, 99% used [0x00000000e0000000,0x00000000f557ffd0,0x00000000f5580000)
 Metaspace       used 55560K, committed 56512K, reserved 1105920K
  class space    used 5577K, committed 6016K, reserved 1048576K
}
Event: 447.797 GC heap after
{Heap after GC invocations=288 (full 217):
 PSYoungGen      total 37376K, used 25087K [0x00000000f5580000, 0x00000000f8800000, 0x0000000100000000)
  eden space 25088K, 99% used [0x00000000f5580000,0x00000000f6dfffe8,0x00000000f6e00000)
  from space 12288K, 0% used [0x00000000f7a00000,0x00000000f7a00000,0x00000000f8600000)
  to   space 12288K, 0% used [0x00000000f6e00000,0x00000000f6e00000,0x00000000f7a00000)
 ParOldGen       total 349696K, used 349694K [0x00000000e0000000, 0x00000000f5580000, 0x00000000f5580000)
  object space 349696K, 99% used [0x00000000e0000000,0x00000000f557fad8,0x00000000f5580000)
 Metaspace       used 55560K, committed 56512K, reserved 1105920K
  class space    used 5577K, committed 6016K, reserved 1048576K
}
Event: 447.830 GC heap before
{Heap before GC invocations=289 (full 218):
 PSYoungGen      total 37376K, used 25087K [0x00000000f5580000, 0x00000000f8800000, 0x0000000100000000)
  eden space 25088K, 99% used [0x00000000f5580000,0x00000000f6dfffe8,0x00000000f6e00000)
  from space 12288K, 0% used [0x00000000f7a00000,0x00000000f7a00000,0x00000000f8600000)
  to   space 12288K, 0% used [0x00000000f6e00000,0x00000000f6e00000,0x00000000f7a00000)
 ParOldGen       total 349696K, used 349695K [0x00000000e0000000, 0x00000000f5580000, 0x00000000f5580000)
  object space 349696K, 99% used [0x00000000e0000000,0x00000000f557fd58,0x00000000f5580000)
 Metaspace       used 55560K, committed 56512K, reserved 1105920K
  class space    used 5577K, committed 6016K, reserved 1048576K
}
Event: 449.392 GC heap after
{Heap after GC invocations=289 (full 218):
 PSYoungGen      total 37376K, used 25087K [0x00000000f5580000, 0x00000000f8800000, 0x0000000100000000)
  eden space 25088K, 99% used [0x00000000f5580000,0x00000000f6dfffe8,0x00000000f6e00000)
  from space 12288K, 0% used [0x00000000f6e00000,0x00000000f6e00000,0x00000000f7a00000)
  to   space 12288K, 0% used [0x00000000f7a00000,0x00000000f7a00000,0x00000000f8600000)
 ParOldGen       total 349696K, used 349695K [0x00000000e0000000, 0x00000000f5580000, 0x00000000f5580000)
  object space 349696K, 99% used [0x00000000e0000000,0x00000000f557fd38,0x00000000f5580000)
 Metaspace       used 55560K, committed 56512K, reserved 1105920K
  class space    used 5577K, committed 6016K, reserved 1048576K
}
Event: 449.392 GC heap before
{Heap before GC invocations=290 (full 219):
 PSYoungGen      total 37376K, used 25087K [0x00000000f5580000, 0x00000000f8800000, 0x0000000100000000)
  eden space 25088K, 99% used [0x00000000f5580000,0x00000000f6dfffe8,0x00000000f6e00000)
  from space 12288K, 0% used [0x00000000f6e00000,0x00000000f6e00000,0x00000000f7a00000)
  to   space 12288K, 0% used [0x00000000f7a00000,0x00000000f7a00000,0x00000000f8600000)
 ParOldGen       total 349696K, used 349695K [0x00000000e0000000, 0x00000000f5580000, 0x00000000f5580000)
  object space 349696K, 99% used [0x00000000e0000000,0x00000000f557fd38,0x00000000f5580000)
 Metaspace       used 55560K, committed 56512K, reserved 1105920K
  class space    used 5577K, committed 6016K, reserved 1048576K
}
Event: 450.946 GC heap after
{Heap after GC invocations=290 (full 219):
 PSYoungGen      total 37376K, used 25087K [0x00000000f5580000, 0x00000000f8800000, 0x0000000100000000)
  eden space 25088K, 99% used [0x00000000f5580000,0x00000000f6dfffe8,0x00000000f6e00000)
  from space 12288K, 0% used [0x00000000f7a00000,0x00000000f7a00000,0x00000000f8600000)
  to   space 12288K, 0% used [0x00000000f6e00000,0x00000000f6e00000,0x00000000f7a00000)
 ParOldGen       total 349696K, used 349695K [0x00000000e0000000, 0x00000000f5580000, 0x00000000f5580000)
  object space 349696K, 99% used [0x00000000e0000000,0x00000000f557fd38,0x00000000f5580000)
 Metaspace       used 55560K, committed 56512K, reserved 1105920K
  class space    used 5577K, committed 6016K, reserved 1048576K
}

Dll operation events (9 events):
Event: 0.003 Loaded shared library /nix/store/gpxl5qgg8kicmcvivwmybwjlpf7wh20l-graalvm17-ce-22.3.0/lib/libjava.so
Event: 0.085 Loaded shared library /nix/store/gpxl5qgg8kicmcvivwmybwjlpf7wh20l-graalvm17-ce-22.3.0/lib/libjsvml.so
Event: 0.386 Loaded shared library /nix/store/gpxl5qgg8kicmcvivwmybwjlpf7wh20l-graalvm17-ce-22.3.0/lib/libnio.so
Event: 0.392 Loaded shared library /nix/store/gpxl5qgg8kicmcvivwmybwjlpf7wh20l-graalvm17-ce-22.3.0/lib/libzip.so
Event: 0.395 Loaded shared library /nix/store/gpxl5qgg8kicmcvivwmybwjlpf7wh20l-graalvm17-ce-22.3.0/lib/libjvmcicompiler.so
Event: 0.803 Loaded shared library /nix/store/gpxl5qgg8kicmcvivwmybwjlpf7wh20l-graalvm17-ce-22.3.0/lib/libjimage.so
Event: 2.897 Loaded shared library /nix/store/gpxl5qgg8kicmcvivwmybwjlpf7wh20l-graalvm17-ce-22.3.0/lib/libnet.so
Event: 5.035 Loaded shared library /home/runner/FlatFreeEngineering/.cache/jdt-language-server/config/org.eclipse.equinox.launcher/org.eclipse.equinox.launcher.gtk.linux.x86_64_1.2.400.v20211117-0650/eclipse_11600.so
Event: 14.937 Loaded shared library /nix/store/gpxl5qgg8kicmcvivwmybwjlpf7wh20l-graalvm17-ce-22.3.0/lib/libextnet.so

Deoptimization events (20 events):
Event: 104.191 Thread 0x00007f62c40390e0 Uncommon trap: trap_request=0xffffffed fr.pc=0x00007f6343198122 relative=0x0000000000000082
Event: 104.191 Thread 0x00007f62c40390e0 Uncommon trap: reason=null_assert_or_unreached0 action=reinterpret pc=0x00007f6343198122 method=org.eclipse.jdt.internal.compiler.classfmt.MethodInfo.getExceptionTypeNames()[[C @ 4 jvmci
Event: 104.191 Thread 0x00007f62c40390e0 DEOPT PACKING pc=0x00007f6343198122 sp=0x00007f6339015840
Event: 104.191 Thread 0x00007f62c40390e0 DEOPT UNPACKING pc=0x00007f633b505325 sp=0x00007f6339014ce0 mode 3
Event: 106.333 Thread 0x00007f62c4173b40 Uncommon trap: trap_request=0xffffffed fr.pc=0x00007f6343197288 relative=0x0000000000000508
Event: 106.333 Thread 0x00007f62c4173b40 Uncommon trap: reason=null_assert_or_unreached0 action=reinterpret pc=0x00007f6343197288 method=org.eclipse.jdt.core.Signature.appendClassTypeSignature([CIZLjava/lang/StringBuffer;)I @ 0 jvmci
Event: 106.333 Thread 0x00007f62c4173b40 DEOPT PACKING pc=0x00007f6343197288 sp=0x00007f63385fde90
Event: 106.333 Thread 0x00007f62c4173b40 DEOPT UNPACKING pc=0x00007f633b505325 sp=0x00007f63385fd308 mode 3
Event: 122.632 Thread 0x00007f62e4003a20 Uncommon trap: trap_request=0xffffffcd fr.pc=0x00007f6343172f2f relative=0x000000000000048f
Event: 122.632 Thread 0x00007f62e4003a20 Uncommon trap: reason=intrinsic_or_type_checked_inlining action=reinterpret pc=0x00007f6343172f2f method=org.eclipse.jdt.internal.core.JavaModelManager.removeInfoAndChildren(Lorg/eclipse/jdt/internal/core/JavaElement;)Ljava/lang/Object; @ 8 jvmci
Event: 122.632 Thread 0x00007f62e4003a20 DEOPT PACKING pc=0x00007f6343172f2f sp=0x00007f62ffbfe3d0
Event: 122.632 Thread 0x00007f62e4003a20 DEOPT UNPACKING pc=0x00007f633b505325 sp=0x00007f62ffbfd860 mode 3
Event: 122.686 Thread 0x00007f635441f7c0 DEOPT PACKING pc=0x00007f633c203fd8 sp=0x00007f62ffffcb50
Event: 122.686 Thread 0x00007f635441f7c0 DEOPT UNPACKING pc=0x00007f633b505325 sp=0x00007f62ffffc068 mode 0
Event: 405.833 Thread 0x00007f62b4006df0 Uncommon trap: trap_request=0xffffff8f fr.pc=0x00007f6342f98491 relative=0x00000000000002f1
Event: 405.833 Thread 0x00007f62b4006df0 Uncommon trap: reason=constraint action=none pc=0x00007f6342f98491 method=java.lang.AbstractStringBuilder.newCapacity(I)I @ 32 jvmci
Event: 405.833 Thread 0x00007f62b4006df0 DEOPT PACKING pc=0x00007f6342f98491 sp=0x00007f63384fd2e0
Event: 405.833 Thread 0x00007f62b4006df0 DEOPT UNPACKING pc=0x00007f633b505325 sp=0x00007f63384fc6e0 mode 3
Event: 440.096 Thread 0x00007f62e4003a20 DEOPT PACKING pc=0x00007f6343093eb8 sp=0x00007f62ffbfd160
Event: 440.096 Thread 0x00007f62e4003a20 DEOPT UNPACKING pc=0x00007f633b505325 sp=0x00007f62ffbfc568 mode 1

Classes unloaded (20 events):
Event: 96.593 Thread 0x00007f63540a1690 Unloading class 0x0000000800d9d000 'java/lang/invoke/LambdaForm$MH+0x0000000800d9d000'
Event: 96.593 Thread 0x00007f63540a1690 Unloading class 0x0000000800d9cc00 'java/lang/invoke/LambdaForm$MH+0x0000000800d9cc00'
Event: 96.593 Thread 0x00007f63540a1690 Unloading class 0x0000000800d9c800 'java/lang/invoke/LambdaForm$MH+0x0000000800d9c800'
Event: 96.593 Thread 0x00007f63540a1690 Unloading class 0x0000000800d9c400 'java/lang/invoke/LambdaForm$MH+0x0000000800d9c400'
Event: 96.593 Thread 0x00007f63540a1690 Unloading class 0x0000000800d9c000 'jdk/internal/reflect/GeneratedConstructorAccessor3'
Event: 96.593 Thread 0x00007f63540a1690 Unloading class 0x0000000800d06800 'java/lang/invoke/LambdaForm$MH+0x0000000800d06800'
Event: 96.593 Thread 0x00007f63540a1690 Unloading class 0x0000000800d06000 'java/lang/invoke/LambdaForm$MH+0x0000000800d06000'
Event: 96.593 Thread 0x00007f63540a1690 Unloading class 0x0000000800d05c00 'java/lang/invoke/LambdaForm$MH+0x0000000800d05c00'
Event: 96.593 Thread 0x00007f63540a1690 Unloading class 0x0000000800d05800 'java/lang/invoke/LambdaForm$MH+0x0000000800d05800'
Event: 96.593 Thread 0x00007f63540a1690 Unloading class 0x0000000800d05000 'java/lang/invoke/LambdaForm$MH+0x0000000800d05000'
Event: 96.593 Thread 0x00007f63540a1690 Unloading class 0x0000000800d04c00 'java/lang/invoke/LambdaForm$MH+0x0000000800d04c00'
Event: 96.593 Thread 0x00007f63540a1690 Unloading class 0x0000000800d04800 'java/lang/invoke/LambdaForm$MH+0x0000000800d04800'
Event: 96.593 Thread 0x00007f63540a1690 Unloading class 0x0000000800d04000 'java/lang/invoke/LambdaForm$MH+0x0000000800d04000'
Event: 96.593 Thread 0x00007f63540a1690 Unloading class 0x0000000800c85000 'jdk/internal/reflect/GeneratedMethodAccessor5'
Event: 96.593 Thread 0x00007f63540a1690 Unloading class 0x0000000800c84c00 'jdk/internal/reflect/GeneratedMethodAccessor4'
Event: 96.593 Thread 0x00007f63540a1690 Unloading class 0x0000000800c84800 'jdk/internal/reflect/GeneratedMethodAccessor3'
Event: 96.593 Thread 0x00007f63540a1690 Unloading class 0x0000000800c84400 'jdk/internal/reflect/GeneratedMethodAccessor2'
Event: 96.593 Thread 0x00007f63540a1690 Unloading class 0x0000000800c84000 'jdk/internal/reflect/GeneratedMethodAccessor1'
Event: 96.593 Thread 0x00007f63540a1690 Unloading class 0x0000000800c01c00 'java/lang/invoke/LambdaForm$DMH+0x0000000800c01c00'
Event: 111.733 Thread 0x00007f63540a1690 Unloading class 0x00000008010fa400 'jdk/internal/reflect/GeneratedConstructorAccessor40'

Classes redefined (0 events):
No events

Internal exceptions (20 events):
Event: 45.488 Thread 0x00007f62c0000ff0 Exception <a 'java/lang/NoSuchMethodError'{0x00000000f5fe9cb0}: 'java.lang.Object java.lang.invoke.DirectMethodHandle$Holder.newInvokeSpecial(java.lang.Object, java.lang.Object, java.lang.Object, long)'> (0x00000000f5fe9cb0) 
thrown [src/hotspot/share/interpreter/linkResolver.cpp, line 758]
Event: 45.489 Thread 0x00007f62c0000ff0 Exception <a 'java/lang/NoSuchMethodError'{0x00000000f5fef048}: 'java.lang.Object java.lang.invoke.DirectMethodHandle$Holder.invokeSpecial(java.lang.Object, java.lang.Object, java.lang.Object, java.lang.Object, long)'> (0x00000000f5fef048) 
thrown [src/hotspot/share/interpreter/linkResolver.cpp, line 758]
Event: 45.489 Thread 0x00007f62c0000ff0 Exception <a 'java/lang/NoSuchMethodError'{0x00000000f5ff3088}: 'java.lang.Object java.lang.invoke.Invokers$Holder.linkToTargetMethod(java.lang.Object, java.lang.Object, long, java.lang.Object)'> (0x00000000f5ff3088) 
thrown [src/hotspot/share/interpreter/linkResolver.cpp, line 758]
Event: 45.841 Thread 0x00007f62c0000ff0 Exception <a 'sun/nio/fs/UnixException'{0x00000000f5afd8e0}> (0x00000000f5afd8e0) 
thrown [src/hotspot/share/prims/jni.cpp, line 516]
Event: 45.890 Thread 0x00007f62c0000ff0 Exception <a 'sun/nio/fs/UnixException'{0x00000000f5b64fb0}> (0x00000000f5b64fb0) 
thrown [src/hotspot/share/prims/jni.cpp, line 516]
Event: 45.890 Thread 0x00007f62c0000ff0 Exception <a 'sun/nio/fs/UnixException'{0x00000000f5b65b10}> (0x00000000f5b65b10) 
thrown [src/hotspot/share/prims/jni.cpp, line 516]
Event: 46.130 Thread 0x00007f62c0000ff0 Exception <a 'java/lang/NoSuchMethodError'{0x00000000f60d7f00}: 'int java.lang.invoke.DirectMethodHandle$Holder.invokeVirtual(java.lang.Object, java.lang.Object)'> (0x00000000f60d7f00) 
thrown [src/hotspot/share/interpreter/linkResolver.cpp, line 758]
Event: 46.135 Thread 0x00007f62c0000ff0 Implicit null exception at 0x00007f63430bd5e9 to 0x00007f63430bd79b
Event: 46.988 Thread 0x00007f62c0000ff0 Exception <a 'sun/nio/fs/UnixException'{0x00000000f5e6e288}> (0x00000000f5e6e288) 
thrown [src/hotspot/share/prims/jni.cpp, line 516]
Event: 47.031 Thread 0x00007f62c0000ff0 Exception <a 'java/io/FileNotFoundException'{0x00000000f5ee73f0}> (0x00000000f5ee73f0) 
thrown [src/hotspot/share/prims/jni.cpp, line 516]
Event: 47.036 Thread 0x00007f62c0000ff0 Exception <a 'java/lang/NoSuchMethodError'{0x00000000f6099940}: 'java.lang.Object java.lang.invoke.DirectMethodHandle$Holder.invokeStatic(java.lang.Object, java.lang.Object, int, java.lang.Object)'> (0x00000000f6099940) 
thrown [src/hotspot/share/interpreter/linkResolver.cpp, line 758]
Event: 47.037 Thread 0x00007f62c0000ff0 Exception <a 'java/lang/NoSuchMethodError'{0x00000000f617a630}: 'java.lang.Object java.lang.invoke.DirectMethodHandle$Holder.newInvokeSpecial(java.lang.Object, java.lang.Object, int)'> (0x00000000f617a630) 
thrown [src/hotspot/share/interpreter/linkResolver.cpp, line 758]
Event: 48.738 Thread 0x00007f62dc0010d0 Exception <a 'java/lang/NoSuchMethodError'{0x00000000f56ae2b0}: 'java.lang.Object java.lang.invoke.DirectMethodHandle$Holder.newInvokeSpecial(java.lang.Object, java.lang.Object, int, java.lang.Object, java.lang.Object)'> (0x00000000f56ae2b0) 
thrown [src/hotspot/share/interpreter/linkResolver.cpp, line 758]
Event: 48.739 Thread 0x00007f62dc0010d0 Exception <a 'java/lang/NoSuchMethodError'{0x00000000f56b3530}: 'java.lang.Object java.lang.invoke.DirectMethodHandle$Holder.invokeSpecial(java.lang.Object, java.lang.Object, java.lang.Object, int, java.lang.Object, java.lang.Object)'> (0x00000000f56b3530) 
thrown [src/hotspot/share/interpreter/linkResolver.cpp, line 758]
Event: 55.350 Thread 0x00007f62ec5d9150 Implicit null exception at 0x00007f634317f0c2 to 0x00007f6343180d21
Event: 394.362 Thread 0x00007f62e4003a20 Exception <a 'java/lang/OutOfMemoryError'{0x00000000e00a8d38}> (0x00000000e00a8d38) 
thrown [src/hotspot/share/gc/shared/memAllocator.cpp, line 136]
Event: 405.833 Thread 0x00007f62b4006df0 Exception <a 'java/lang/OutOfMemoryError'{0x00000000e00a92d8}> (0x00000000e00a92d8) 
thrown [src/hotspot/share/gc/shared/memAllocator.cpp, line 138]
Event: 405.833 Thread 0x00007f62b4006df0 Implicit null exception at 0x00007f6342f983c8 to 0x00007f6342f98476
Event: 440.096 Thread 0x00007f62e4003a20 Exception <a 'java/lang/OutOfMemoryError'{0x00000000e00a9328}> (0x00000000e00a9328) 
thrown [src/hotspot/share/gc/shared/memAllocator.cpp, line 136]
Event: 450.946 Thread 0x00007f63540b1c90 Exception <a 'java/lang/OutOfMemoryError'{0x00000000e00a9058}> (0x00000000e00a9058) 
thrown [src/hotspot/share/gc/shared/memAllocator.cpp, line 136]

VM Operations (20 events):
Event: 432.054 Executing VM operation: ParallelGCFailedAllocation
Event: 433.655 Executing VM operation: ParallelGCFailedAllocation done
Event: 433.655 Executing VM operation: ParallelGCFailedAllocation
Event: 435.355 Executing VM operation: ParallelGCFailedAllocation done
Event: 435.355 Executing VM operation: ParallelGCFailedAllocation
Event: 436.897 Executing VM operation: ParallelGCFailedAllocation done
Event: 436.897 Executing VM operation: ParallelGCFailedAllocation
Event: 440.096 Executing VM operation: ParallelGCFailedAllocation done
Event: 440.096 Executing VM operation: ParallelGCFailedAllocation
Event: 441.685 Executing VM operation: ParallelGCFailedAllocation done
Event: 441.686 Executing VM operation: ParallelGCFailedAllocation
Event: 443.239 Executing VM operation: ParallelGCFailedAllocation done
Event: 443.240 Executing VM operation: ParallelGCFailedAllocation
Event: 444.661 Executing VM operation: ParallelGCFailedAllocation done
Event: 444.661 Executing VM operation: ParallelGCFailedAllocation
Event: 446.287 Executing VM operation: ParallelGCFailedAllocation done
Event: 446.288 Executing VM operation: ParallelGCFailedAllocation
Event: 447.797 Executing VM operation: ParallelGCFailedAllocation done
Event: 447.830 Executing VM operation: ParallelGCFailedAllocation
Event: 450.946 Executing VM operation: ParallelGCFailedAllocation done

Events (20 events):
Event: 129.533 Thread 0x00007f63540b45f0 flushing nmethod 0x00007f633c85a790
Event: 129.533 Thread 0x00007f63540b45f0 flushing nmethod 0x00007f633c85b010
Event: 129.533 Thread 0x00007f63540b45f0 flushing nmethod 0x00007f633c860110
Event: 129.533 Thread 0x00007f63540b45f0 flushing nmethod 0x00007f633c864d10
Event: 129.533 Thread 0x00007f63540b45f0 flushing nmethod 0x00007f633c865590
Event: 129.533 Thread 0x00007f63540b45f0 flushing nmethod 0x00007f633c866310
Event: 129.533 Thread 0x00007f63540b45f0 flushing nmethod 0x00007f633c866b10
Event: 129.533 Thread 0x00007f63540b45f0 flushing nmethod 0x00007f633c868310
Event: 129.533 Thread 0x00007f63540b45f0 flushing nmethod 0x00007f633c868990
Event: 129.533 Thread 0x00007f63540b45f0 flushing nmethod 0x00007f633c869990
Event: 129.533 Thread 0x00007f63540b45f0 flushing nmethod 0x00007f633c86ad10
Event: 129.533 Thread 0x00007f63540b45f0 flushing nmethod 0x00007f633c86ce90
Event: 153.909 Thread 0x00007f62b4006df0 Thread added: 0x00007f62b4006df0
Event: 153.910 Protecting memory [0x00007f6338400000,0x00007f6338404000] with protection modes 0
Event: 175.350 Thread 0x00007f62e4001550 Thread added: 0x00007f62e4001550
Event: 175.350 Protecting memory [0x00007f6338000000,0x00007f6338004000] with protection modes 0
Event: 332.947 Thread 0x00007f62dc0198c0 Thread added: 0x00007f62dc0198c0
Event: 332.947 Protecting memory [0x00007f6338500000,0x00007f6338504000] with protection modes 0
Event: 444.661 loading class java/lang/Throwable$WrappedPrintStream
Event: 444.661 loading class java/lang/Throwable$PrintStreamOrWriter


Dynamic libraries:
e0000000-f0500000 rw-p 00000000 00:00 0 
f0500000-f8800000 rw-p 00000000 00:00 0 
f8800000-100000000 ---p 00000000 00:00 0 
800000000-800449000 rw-p 00001000 08:30 707969865                        /nix/store/gpxl5qgg8kicmcvivwmybwjlpf7wh20l-graalvm17-ce-22.3.0/lib/server/classes.jsa
800449000-800bc8000 r--p 0044a000 08:30 707969865                        /nix/store/gpxl5qgg8kicmcvivwmybwjlpf7wh20l-graalvm17-ce-22.3.0/lib/server/classes.jsa
800bc8000-800c00000 ---p 00000000 00:00 0 
800c00000-800c10000 rw-p 00000000 00:00 0 
800c10000-800c30000 rw-p 00000000 00:00 0 
800c30000-800cb0000 rw-p 00000000 00:00 0 
800cb0000-800cf0000 rw-p 00000000 00:00 0 
800cf0000-800db0000 rw-p 00000000 00:00 0 
800db0000-800df0000 rw-p 00000000 00:00 0 
800df0000-800f30000 rw-p 00000000 00:00 0 
800f30000-800fb0000 rw-p 00000000 00:00 0 
800fb0000-800ff0000 rw-p 00000000 00:00 0 
800ff0000-8011e0000 rw-p 00000000 00:00 0 
8011e0000-840c00000 ---p 00000000 00:00 0 
55dc0b16d000-55dc0b16e000 r-xp 00000000 08:30 672029940                  /nix/store/gpxl5qgg8kicmcvivwmybwjlpf7wh20l-graalvm17-ce-22.3.0/bin/.java-wrapped
55dc0b16f000-55dc0b170000 r--p 00001000 08:30 672029940                  /nix/store/gpxl5qgg8kicmcvivwmybwjlpf7wh20l-graalvm17-ce-22.3.0/bin/.java-wrapped
55dc0b170000-55dc0b171000 rw-p 00002000 08:30 672029940                  /nix/store/gpxl5qgg8kicmcvivwmybwjlpf7wh20l-graalvm17-ce-22.3.0/bin/.java-wrapped
55dc0b171000-55dc0b172000 rw-p 00004000 08:30 672029940                  /nix/store/gpxl5qgg8kicmcvivwmybwjlpf7wh20l-graalvm17-ce-22.3.0/bin/.java-wrapped
55dc0b172000-55dc0b173000 rw-p 00005000 08:30 672029940                  /nix/store/gpxl5qgg8kicmcvivwmybwjlpf7wh20l-graalvm17-ce-22.3.0/bin/.java-wrapped
55dc0c151000-55dc0c199000 rw-p 00000000 00:00 0                          [heap]
7f6294000000-7f6294021000 rw-p 00000000 00:00 0 
7f6294021000-7f6298000000 ---p 00000000 00:00 0 
7f6298000000-7f6298032000 rw-p 00000000 00:00 0 
7f6298032000-7f629c000000 ---p 00000000 00:00 0 
7f629c000000-7f629c021000 rw-p 00000000 00:00 0 
7f629c021000-7f62a0000000 ---p 00000000 00:00 0 
7f62a0000000-7f62a0021000 rw-p 00000000 00:00 0 
7f62a0021000-7f62a4000000 ---p 00000000 00:00 0 
7f62a4000000-7f62a4075000 rw-p 00000000 00:00 0 
7f62a4075000-7f62a8000000 ---p 00000000 00:00 0 
7f62aa4b3000-7f62b4000000 r--s 00000000 08:30 707804677                  /nix/store/gpxl5qgg8kicmcvivwmybwjlpf7wh20l-graalvm17-ce-22.3.0/lib/modules
7f62b4000000-7f62b4021000 rw-p 00000000 00:00 0 
7f62b4021000-7f62b8000000 ---p 00000000 00:00 0 
7f62b8000000-7f62b83dc000 rw-p 00000000 00:00 0 
7f62b83dc000-7f62bc000000 ---p 00000000 00:00 0 
7f62bce00000-7f62bcf00000 ---p 00000000 00:00 0 
7f62bcf00000-7f62bd4af000 r--p 01122000 08:30 707802136                  /nix/store/gpxl5qgg8kicmcvivwmybwjlpf7wh20l-graalvm17-ce-22.3.0/lib/libjvmcicompiler.so
7f62bd4af000-7f62bd600000 r--p 00000000 00:00 0 
7f62bd600000-7f62bd63d000 rw-p 00000000 00:00 0 
7f62bd63d000-7f62bdb5d000 rw-p 0185f000 08:30 707802136                  /nix/store/gpxl5qgg8kicmcvivwmybwjlpf7wh20l-graalvm17-ce-22.3.0/lib/libjvmcicompiler.so
7f62bdb5d000-7f62bdf44000 r--p 01d7f000 08:30 707802136                  /nix/store/gpxl5qgg8kicmcvivwmybwjlpf7wh20l-graalvm17-ce-22.3.0/lib/libjvmcicompiler.so
7f62be000000-7f62be800000 rw-p 00000000 00:00 0 
7f62bf000000-7f62bf4f0000 rw-p 00000000 00:00 0 
7f62bf4f0000-7f62bf5f0000 rw-p 00000000 00:00 0 
7f62bf5f0000-7f62bf7f0000 rw-p 00000000 00:00 0 
7f62bf7f0000-7f62bf8b0000 rw-p 00000000 00:00 0 
7f62bf8b0000-7f62bf8f0000 rw-p 00000000 00:00 0 
7f62bf8f0000-7f62bfaf0000 rw-p 00000000 00:00 0 
7f62bfaf0000-7f62bfcf0000 rw-p 00000000 00:00 0 
7f62bfcf0000-7f62bfdf0000 rw-p 00000000 00:00 0 
7f62bfdf0000-7f62c0000000 rw-p 00000000 00:00 0 
7f62c0000000-7f62c0172000 rw-p 00000000 00:00 0 
7f62c0172000-7f62c4000000 ---p 00000000 00:00 0 
7f62c4000000-7f62c41a5000 rw-p 00000000 00:00 0 
7f62c41a5000-7f62c8000000 ---p 00000000 00:00 0 
7f62c8000000-7f62c8021000 rw-p 00000000 00:00 0 
7f62c8021000-7f62cc000000 ---p 00000000 00:00 0 
7f62cc000000-7f62cc021000 rw-p 00000000 00:00 0 
7f62cc021000-7f62d0000000 ---p 00000000 00:00 0 
7f62d0000000-7f62d005a000 rw-p 00000000 00:00 0 
7f62d005a000-7f62d4000000 ---p 00000000 00:00 0 
7f62d4000000-7f62d4073000 rw-p 00000000 00:00 0 
7f62d4073000-7f62d8000000 ---p 00000000 00:00 0 
7f62d8000000-7f62d8021000 rw-p 00000000 00:00 0 
7f62d8021000-7f62dc000000 ---p 00000000 00:00 0 
7f62dc000000-7f62dc3e0000 rw-p 00000000 00:00 0 
7f62dc3e0000-7f62e0000000 ---p 00000000 00:00 0 
7f62e0000000-7f62e0021000 rw-p 00000000 00:00 0 
7f62e0021000-7f62e4000000 ---p 00000000 00:00 0 
7f62e4000000-7f62e40a9000 rw-p 00000000 00:00 0 
7f62e40a9000-7f62e8000000 ---p 00000000 00:00 0 
7f62e8000000-7f62e8021000 rw-p 00000000 00:00 0 
7f62e8021000-7f62ec000000 ---p 00000000 00:00 0 
7f62ec000000-7f62ec883000 rw-p 00000000 00:00 0 
7f62ec883000-7f62f0000000 ---p 00000000 00:00 0 
7f62f0000000-7f62f0021000 rw-p 00000000 00:00 0 
7f62f0021000-7f62f4000000 ---p 00000000 00:00 0 
7f62f4000000-7f62f4021000 rw-p 00000000 00:00 0 
7f62f4021000-7f62f8000000 ---p 00000000 00:00 0 
7f62f8000000-7f62f802a000 rw-p 00000000 00:00 0 
7f62f802a000-7f62fc000000 ---p 00000000 00:00 0 
7f62fcc00000-7f62fccf0000 rw-p 00000000 00:00 0 
7f62fccf0000-7f62fd2f0000 rw-p 00000000 00:00 0 
7f62fd2f0000-7f62fd3f0000 rw-p 00000000 00:00 0 
7f62fd3f0000-7f62fd400000 rw-p 00000000 00:00 0 
7f62fd800000-7f62fd8f0000 rw-p 00000000 00:00 0 
7f62fd8f0000-7f62fd9f0000 rw-p 00000000 00:00 0 
7f62fd9f0000-7f62fdf30000 rw-p 00000000 00:00 0 
7f62fdf30000-7f62fdf70000 rw-p 00000000 00:00 0 
7f62fdf70000-7f62fe000000 rw-p 00000000 00:00 0 
7f62fe000000-7f62fe010000 r-xp 00000000 00:4c1 310                       /home/runner/FlatFreeEngineering/.cache/jdt-language-server/config/org.eclipse.equinox.launcher/org.eclipse.equinox.launcher.gtk.linux.x86_64_1.2.400.v20211117-0650/eclipse_11600.so
7f62fe010000-7f62fe20f000 ---p 00010000 00:4c1 310                       /home/runner/FlatFreeEngineering/.cache/jdt-language-server/config/org.eclipse.equinox.launcher/org.eclipse.equinox.launcher.gtk.linux.x86_64_1.2.400.v20211117-0650/eclipse_11600.so
7f62fe20f000-7f62fe210000 r--p 0000f000 00:4c1 310                       /home/runner/FlatFreeEngineering/.cache/jdt-language-server/config/org.eclipse.equinox.launcher/org.eclipse.equinox.launcher.gtk.linux.x86_64_1.2.400.v20211117-0650/eclipse_11600.so
7f62fe210000-7f62fe211000 rw-p 00010000 00:4c1 310                       /home/runner/FlatFreeEngineering/.cache/jdt-language-server/config/org.eclipse.equinox.launcher/org.eclipse.equinox.launcher.gtk.linux.x86_64_1.2.400.v20211117-0650/eclipse_11600.so
7f62fec00000-7f62fecf0000 rw-p 00000000 00:00 0 
7f62fecf0000-7f62fed10000 rw-p 00000000 00:00 0 
7f62fed10000-7f62fee00000 ---p 00000000 00:00 0 
7f62fee00000-7f62fee40000 rw-p 00000000 00:00 0 
7f62fee40000-7f62ff400000 ---p 00000000 00:00 0 
7f62ffb00000-7f62ffb04000 ---p 00000000 00:00 0 
7f62ffb04000-7f62ffc00000 rw-p 00000000 00:00 0 
7f62ffd00000-7f62ffd04000 ---p 00000000 00:00 0 
7f62ffd04000-7f62ffe00000 rw-p 00000000 00:00 0 
7f62fff00000-7f62fff04000 ---p 00000000 00:00 0 
7f62fff04000-7f6300000000 rw-p 00000000 00:00 0 
7f6300100000-7f6300104000 ---p 00000000 00:00 0 
7f6300104000-7f6300200000 rw-p 00000000 00:00 0 
7f6300300000-7f6300304000 ---p 00000000 00:00 0 
7f6300304000-7f6300400000 rw-p 00000000 00:00 0 
7f6300500000-7f6300504000 ---p 00000000 00:00 0 
7f6300504000-7f6300600000 rw-p 00000000 00:00 0 
7f6300700000-7f6300704000 ---p 00000000 00:00 0 
7f6300704000-7f6300800000 rw-p 00000000 00:00 0 
7f6300900000-7f6300904000 ---p 00000000 00:00 0 
7f6300904000-7f6300a00000 rw-p 00000000 00:00 0 
7f6301668000-7f6301b00000 rw-p 00000000 00:00 0 
7f6301c00000-7f6303d6a000 r-xp 00000000 08:30 707802136                  /nix/store/gpxl5qgg8kicmcvivwmybwjlpf7wh20l-graalvm17-ce-22.3.0/lib/libjvmcicompiler.so
7f6303d6a000-7f6303f69000 ---p 0216a000 08:30 707802136                  /nix/store/gpxl5qgg8kicmcvivwmybwjlpf7wh20l-graalvm17-ce-22.3.0/lib/libjvmcicompiler.so
7f6303f69000-7f6303f6a000 r--p 02169000 08:30 707802136                  /nix/store/gpxl5qgg8kicmcvivwmybwjlpf7wh20l-graalvm17-ce-22.3.0/lib/libjvmcicompiler.so
7f6303f6a000-7f6303f6c000 rw-p 0216a000 08:30 707802136                  /nix/store/gpxl5qgg8kicmcvivwmybwjlpf7wh20l-graalvm17-ce-22.3.0/lib/libjvmcicompiler.so
7f6303f6c000-7f6303f6d000 rw-p 00000000 00:00 0 
7f6303f6d000-7f6303f72000 rw-p 023c3000 08:30 707802136                  /nix/store/gpxl5qgg8kicmcvivwmybwjlpf7wh20l-graalvm17-ce-22.3.0/lib/libjvmcicompiler.so
7f6304000000-7f6304021000 rw-p 00000000 00:00 0 
7f6304021000-7f6308000000 ---p 00000000 00:00 0 
7f6308000000-7f6308021000 rw-p 00000000 00:00 0 
7f6308021000-7f630c000000 ---p 00000000 00:00 0 
7f630c000000-7f630c059000 rw-p 00000000 00:00 0 
7f630c059000-7f6310000000 ---p 00000000 00:00 0 
7f6310000000-7f6310021000 rw-p 00000000 00:00 0 
7f6310021000-7f6314000000 ---p 00000000 00:00 0 
7f6314000000-7f63140eb000 rw-p 00000000 00:00 0 
7f63140eb000-7f6318000000 ---p 00000000 00:00 0 
7f6318000000-7f6318bc7000 rw-p 00000000 00:00 0 
7f6318bc7000-7f631c000000 ---p 00000000 00:00 0 
7f631c000000-7f631c021000 rw-p 00000000 00:00 0 
7f631c021000-7f6320000000 ---p 00000000 00:00 0 
7f6320000000-7f6320021000 rw-p 00000000 00:00 0 
7f6320021000-7f6324000000 ---p 00000000 00:00 0 
7f6324000000-7f6324021000 rw-p 00000000 00:00 0 
7f6324021000-7f6328000000 ---p 00000000 00:00 0 
7f6328000000-7f6328021000 rw-p 00000000 00:00 0 
7f6328021000-7f632c000000 ---p 00000000 00:00 0 
7f632c000000-7f632c021000 rw-p 00000000 00:00 0 
7f632c021000-7f6330000000 ---p 00000000 00:00 0 
7f6330000000-7f6330021000 rw-p 00000000 00:00 0 
7f6330021000-7f6334000000 ---p 00000000 00:00 0 
7f6334000000-7f6334064000 rw-p 00000000 00:00 0 
7f6334064000-7f6338000000 ---p 00000000 00:00 0 
7f6338000000-7f6338004000 ---p 00000000 00:00 0 
7f6338004000-7f6338100000 rw-p 00000000 00:00 0 
7f6338200000-7f6338204000 ---p 00000000 00:00 0 
7f6338204000-7f6338300000 rw-p 00000000 00:00 0 
7f6338400000-7f6338404000 ---p 00000000 00:00 0 
7f6338404000-7f6338500000 rw-p 00000000 00:00 0 
7f6338500000-7f6338504000 ---p 00000000 00:00 0 
7f6338504000-7f6338600000 rw-p 00000000 00:00 0 
7f6338600000-7f6338604000 ---p 00000000 00:00 0 
7f6338604000-7f6338700000 rw-p 00000000 00:00 0 
7f6338700000-7f6338704000 ---p 00000000 00:00 0 
7f6338704000-7f6338800000 rw-p 00000000 00:00 0 
7f6338800000-7f6338804000 ---p 00000000 00:00 0 
7f6338804000-7f6338900000 rw-p 00000000 00:00 0 
7f6338900000-7f6338904000 ---p 00000000 00:00 0 
7f6338904000-7f6338a00000 rw-p 00000000 00:00 0 
7f6338a00000-7f6338a04000 ---p 00000000 00:00 0 
7f6338a04000-7f6338b00000 rw-p 00000000 00:00 0 
7f6338b00000-7f6338b04000 ---p 00000000 00:00 0 
7f6338b04000-7f6338c00000 rw-p 00000000 00:00 0 
7f6338c00000-7f6338c04000 ---p 00000000 00:00 0 
7f6338c04000-7f6338d00000 rw-p 00000000 00:00 0 
7f6338d00000-7f6338d04000 ---p 00000000 00:00 0 
7f6338d04000-7f6338e00000 rw-p 00000000 00:00 0 
7f6338e00000-7f6338e04000 ---p 00000000 00:00 0 
7f6338e04000-7f6338f00000 rw-p 00000000 00:00 0 
7f6338f18000-7f6338f1c000 ---p 00000000 00:00 0 
7f6338f1c000-7f6339018000 rw-p 00000000 00:00 0 
7f6339018000-7f6339019000 ---p 00000000 00:00 0 
7f6339019000-7f633911a000 rw-p 00000000 00:00 0 
7f633911a000-7f633911e000 ---p 00000000 00:00 0 
7f633911e000-7f633921a000 rw-p 00000000 00:00 0 
7f633921a000-7f633921e000 ---p 00000000 00:00 0 
7f633921e000-7f633931a000 rw-p 00000000 00:00 0 
7f633931a000-7f633931e000 ---p 00000000 00:00 0 
7f633931e000-7f633941a000 rw-p 00000000 00:00 0 
7f633941a000-7f633941e000 ---p 00000000 00:00 0 
7f633941e000-7f633961a000 rw-p 00000000 00:00 0 
7f633961a000-7f633961e000 ---p 00000000 00:00 0 
7f633961e000-7f633981a000 rw-p 00000000 00:00 0 
7f633981a000-7f633981e000 ---p 00000000 00:00 0 
7f633981e000-7f633991a000 rw-p 00000000 00:00 0 
7f633991a000-7f6339c00000 r--p 00000000 fc:00 28444448                   /usr/lib/locale/locale-archive
7f6339c00000-7f6339ff0000 rw-p 00000000 00:00 0 
7f6339ff0000-7f633a2f0000 rw-p 00000000 00:00 0 
7f633a2f0000-7f633a400000 rw-p 00000000 00:00 0 
7f633a4b3000-7f633b4b3000 rw-p 00000000 00:00 0 
7f633b4b3000-7f633b723000 rwxp 00000000 00:00 0 
7f633b723000-7f633ba42000 ---p 00000000 00:00 0 
7f633ba42000-7f633c912000 rwxp 00000000 00:00 0 
7f633c912000-7f6342f7a000 ---p 00000000 00:00 0 
7f6342f7a000-7f634320a000 rwxp 00000000 00:00 0 
7f634320a000-7f634a4b3000 ---p 00000000 00:00 0 
7f634a4b3000-7f6354000000 r--s 00000000 08:30 707804677                  /nix/store/gpxl5qgg8kicmcvivwmybwjlpf7wh20l-graalvm17-ce-22.3.0/lib/modules
7f6354000000-7f6354424000 rw-p 00000000 00:00 0 
7f6354424000-7f6358000000 ---p 00000000 00:00 0 
7f6358048000-7f635804a000 r-xp 00000000 08:30 707802113                  /nix/store/gpxl5qgg8kicmcvivwmybwjlpf7wh20l-graalvm17-ce-22.3.0/lib/libextnet.so
7f635804a000-7f635804b000 r--p 00001000 08:30 707802113                  /nix/store/gpxl5qgg8kicmcvivwmybwjlpf7wh20l-graalvm17-ce-22.3.0/lib/libextnet.so
7f635804b000-7f635804c000 rw-p 00002000 08:30 707802113                  /nix/store/gpxl5qgg8kicmcvivwmybwjlpf7wh20l-graalvm17-ce-22.3.0/lib/libextnet.so
7f635804c000-7f635804d000 rw-p 00004000 08:30 707802113                  /nix/store/gpxl5qgg8kicmcvivwmybwjlpf7wh20l-graalvm17-ce-22.3.0/lib/libextnet.so
7f635804d000-7f6358051000 ---p 00000000 00:00 0 
7f6358051000-7f635806f000 rw-p 00000000 00:00 0 
7f635806f000-7f6358076000 r-xp 00000000 08:30 707804676                  /nix/store/gpxl5qgg8kicmcvivwmybwjlpf7wh20l-graalvm17-ce-22.3.0/lib/libzip.so
7f6358076000-7f6358077000 ---p 00007000 08:30 707804676                  /nix/store/gpxl5qgg8kicmcvivwmybwjlpf7wh20l-graalvm17-ce-22.3.0/lib/libzip.so
7f6358077000-7f6358078000 r--p 00007000 08:30 707804676                  /nix/store/gpxl5qgg8kicmcvivwmybwjlpf7wh20l-graalvm17-ce-22.3.0/lib/libzip.so
7f6358078000-7f6358079000 rw-p 00008000 08:30 707804676                  /nix/store/gpxl5qgg8kicmcvivwmybwjlpf7wh20l-graalvm17-ce-22.3.0/lib/libzip.so
7f6358079000-7f635807b000 rw-p 0000b000 08:30 707804676                  /nix/store/gpxl5qgg8kicmcvivwmybwjlpf7wh20l-graalvm17-ce-22.3.0/lib/libzip.so
7f635807b000-7f6358090000 r-xp 00000000 08:30 707804666                  /nix/store/gpxl5qgg8kicmcvivwmybwjlpf7wh20l-graalvm17-ce-22.3.0/lib/libnet.so
7f6358090000-7f6358091000 ---p 00015000 08:30 707804666                  /nix/store/gpxl5qgg8kicmcvivwmybwjlpf7wh20l-graalvm17-ce-22.3.0/lib/libnet.so
7f6358091000-7f6358092000 r--p 00015000 08:30 707804666                  /nix/store/gpxl5qgg8kicmcvivwmybwjlpf7wh20l-graalvm17-ce-22.3.0/lib/libnet.so
7f6358092000-7f6358093000 rw-p 00016000 08:30 707804666                  /nix/store/gpxl5qgg8kicmcvivwmybwjlpf7wh20l-graalvm17-ce-22.3.0/lib/libnet.so
7f6358093000-7f6358096000 rw-p 0001b000 08:30 707804666                  /nix/store/gpxl5qgg8kicmcvivwmybwjlpf7wh20l-graalvm17-ce-22.3.0/lib/libnet.so
7f6358096000-7f63580a9000 r-xp 00000000 08:30 707804667                  /nix/store/gpxl5qgg8kicmcvivwmybwjlpf7wh20l-graalvm17-ce-22.3.0/lib/libnio.so
7f63580a9000-7f63580aa000 r--p 00012000 08:30 707804667                  /nix/store/gpxl5qgg8kicmcvivwmybwjlpf7wh20l-graalvm17-ce-22.3.0/lib/libnio.so
7f63580aa000-7f63580ab000 rw-p 00013000 08:30 707804667                  /nix/store/gpxl5qgg8kicmcvivwmybwjlpf7wh20l-graalvm17-ce-22.3.0/lib/libnio.so
7f63580ab000-7f63580b0000 rw-p 00019000 08:30 707804667                  /nix/store/gpxl5qgg8kicmcvivwmybwjlpf7wh20l-graalvm17-ce-22.3.0/lib/libnio.so
7f63580b0000-7f63580b4000 ---p 00000000 00:00 0 
7f63580b4000-7f63581b0000 rw-p 00000000 00:00 0 
7f63581b0000-7f63581b4000 ---p 00000000 00:00 0 
7f63581b4000-7f63582b0000 rw-p 00000000 00:00 0 
7f63582b0000-7f63582b4000 ---p 00000000 00:00 0 
7f63582b4000-7f63583b0000 rw-p 00000000 00:00 0 
7f63583b0000-7f63583b4000 ---p 00000000 00:00 0 
7f63583b4000-7f63584b0000 rw-p 00000000 00:00 0 
7f63584b0000-7f63584b1000 ---p 00000000 00:00 0 
7f63584b1000-7f63585b2000 rw-p 00000000 00:00 0 
7f63585b2000-7f6358680000 r-xp 00000000 08:30 707802132                  /nix/store/gpxl5qgg8kicmcvivwmybwjlpf7wh20l-graalvm17-ce-22.3.0/lib/libjsvml.so
7f6358680000-7f6358681000 r--p 000cd000 08:30 707802132                  /nix/store/gpxl5qgg8kicmcvivwmybwjlpf7wh20l-graalvm17-ce-22.3.0/lib/libjsvml.so
7f6358681000-7f6358682000 rw-p 000ce000 08:30 707802132                  /nix/store/gpxl5qgg8kicmcvivwmybwjlpf7wh20l-graalvm17-ce-22.3.0/lib/libjsvml.so
7f6358682000-7f6358f5a000 rw-p 00000000 00:00 0 
7f6358f5a000-7f6358f5b000 ---p 00000000 00:00 0 
7f6358f5b000-7f63590df000 rw-p 00000000 00:00 0 
7f63590df000-7f6359120000 rw-p 00000000 00:00 0 
7f6359120000-7f635915c000 ---p 00000000 00:00 0 
7f635915c000-7f6359163000 rw-p 00000000 00:00 0 
7f6359163000-7f6359248000 ---p 00000000 00:00 0 
7f6359248000-7f6359266000 rw-p 00000000 00:00 0 
7f6359266000-7f6359333000 ---p 00000000 00:00 0 
7f6359333000-7f6359338000 rw-p 00000000 00:00 0 
7f6359338000-7f635933f000 ---p 00000000 00:00 0 
7f635933f000-7f6359363000 r-xp 00000000 08:30 707802124                  /nix/store/gpxl5qgg8kicmcvivwmybwjlpf7wh20l-graalvm17-ce-22.3.0/lib/libjava.so
7f6359363000-7f6359364000 ---p 00024000 08:30 707802124                  /nix/store/gpxl5qgg8kicmcvivwmybwjlpf7wh20l-graalvm17-ce-22.3.0/lib/libjava.so
7f6359364000-7f6359365000 r--p 00024000 08:30 707802124                  /nix/store/gpxl5qgg8kicmcvivwmybwjlpf7wh20l-graalvm17-ce-22.3.0/lib/libjava.so
7f6359365000-7f6359366000 rw-p 00025000 08:30 707802124                  /nix/store/gpxl5qgg8kicmcvivwmybwjlpf7wh20l-graalvm17-ce-22.3.0/lib/libjava.so
7f6359366000-7f6359367000 rw-p 00000000 00:00 0 
7f6359367000-7f635936e000 rw-p 0002f000 08:30 707802124                  /nix/store/gpxl5qgg8kicmcvivwmybwjlpf7wh20l-graalvm17-ce-22.3.0/lib/libjava.so
7f635936e000-7f6359376000 rw-s 00000000 00:3a0 440                       /tmp/hsperfdata_runner/76
7f6359376000-7f6359377000 ---p 00000000 00:00 0 
7f6359377000-7f6359378000 r--p 00000000 00:00 0 
7f6359378000-7f6359379000 rwxp 00000000 00:00 0 
7f6359379000-7f6359394000 r-xp 00000000 08:30 707802128                  /nix/store/gpxl5qgg8kicmcvivwmybwjlpf7wh20l-graalvm17-ce-22.3.0/lib/libjimage.so
7f6359394000-7f6359395000 ---p 0001b000 08:30 707802128                  /nix/store/gpxl5qgg8kicmcvivwmybwjlpf7wh20l-graalvm17-ce-22.3.0/lib/libjimage.so
7f6359395000-7f6359397000 r--p 0001b000 08:30 707802128                  /nix/store/gpxl5qgg8kicmcvivwmybwjlpf7wh20l-graalvm17-ce-22.3.0/lib/libjimage.so
7f6359397000-7f6359398000 rw-p 0001d000 08:30 707802128                  /nix/store/gpxl5qgg8kicmcvivwmybwjlpf7wh20l-graalvm17-ce-22.3.0/lib/libjimage.so
7f6359398000-7f6359399000 rw-p 00024000 08:30 707802128                  /nix/store/gpxl5qgg8kicmcvivwmybwjlpf7wh20l-graalvm17-ce-22.3.0/lib/libjimage.so
7f6359399000-7f635939d000 ---p 00000000 00:00 0 
7f635939d000-7f6359499000 rw-p 00000000 00:00 0 
7f6359499000-7f63594a7000 r--p 00000000 08:30 600592023                  /nix/store/4nlgxhb09sdr51nc9hdm8az5b08vzkgx-glibc-2.35-163/lib/libm.so.6
7f63594a7000-7f635951a000 r-xp 0000e000 08:30 600592023                  /nix/store/4nlgxhb09sdr51nc9hdm8az5b08vzkgx-glibc-2.35-163/lib/libm.so.6
7f635951a000-7f6359577000 r--p 00081000 08:30 600592023                  /nix/store/4nlgxhb09sdr51nc9hdm8az5b08vzkgx-glibc-2.35-163/lib/libm.so.6
7f6359577000-7f6359578000 r--p 000dd000 08:30 600592023                  /nix/store/4nlgxhb09sdr51nc9hdm8az5b08vzkgx-glibc-2.35-163/lib/libm.so.6
7f6359578000-7f6359579000 rw-p 000de000 08:30 600592023                  /nix/store/4nlgxhb09sdr51nc9hdm8az5b08vzkgx-glibc-2.35-163/lib/libm.so.6
7f6359579000-7f635957a000 r--p 00000000 08:30 600592042                  /nix/store/4nlgxhb09sdr51nc9hdm8az5b08vzkgx-glibc-2.35-163/lib/librt.so.1
7f635957a000-7f635957b000 r-xp 00001000 08:30 600592042                  /nix/store/4nlgxhb09sdr51nc9hdm8az5b08vzkgx-glibc-2.35-163/lib/librt.so.1
7f635957b000-7f635957c000 r--p 00002000 08:30 600592042                  /nix/store/4nlgxhb09sdr51nc9hdm8az5b08vzkgx-glibc-2.35-163/lib/librt.so.1
7f635957c000-7f635957d000 r--p 00002000 08:30 600592042                  /nix/store/4nlgxhb09sdr51nc9hdm8az5b08vzkgx-glibc-2.35-163/lib/librt.so.1
7f635957d000-7f635957e000 rw-p 00003000 08:30 600592042                  /nix/store/4nlgxhb09sdr51nc9hdm8az5b08vzkgx-glibc-2.35-163/lib/librt.so.1
7f635957e000-7f635a691000 r-xp 00000000 08:30 707972962                  /nix/store/gpxl5qgg8kicmcvivwmybwjlpf7wh20l-graalvm17-ce-22.3.0/lib/server/libjvm.so
7f635a691000-7f635a692000 ---p 01113000 08:30 707972962                  /nix/store/gpxl5qgg8kicmcvivwmybwjlpf7wh20l-graalvm17-ce-22.3.0/lib/server/libjvm.so
7f635a692000-7f635a747000 r--p 01113000 08:30 707972962                  /nix/store/gpxl5qgg8kicmcvivwmybwjlpf7wh20l-graalvm17-ce-22.3.0/lib/server/libjvm.so
7f635a747000-7f635a77b000 rw-p 011c8000 08:30 707972962                  /nix/store/gpxl5qgg8kicmcvivwmybwjlpf7wh20l-graalvm17-ce-22.3.0/lib/server/libjvm.so
7f635a77b000-7f635a7d7000 rw-p 00000000 00:00 0 
7f635a7d7000-7f635a7ff000 r--p 00000000 08:30 600592014                  /nix/store/4nlgxhb09sdr51nc9hdm8az5b08vzkgx-glibc-2.35-163/lib/libc.so.6
7f635a7ff000-7f635a975000 r-xp 00028000 08:30 600592014                  /nix/store/4nlgxhb09sdr51nc9hdm8az5b08vzkgx-glibc-2.35-163/lib/libc.so.6
7f635a975000-7f635a9cd000 r--p 0019e000 08:30 600592014                  /nix/store/4nlgxhb09sdr51nc9hdm8az5b08vzkgx-glibc-2.35-163/lib/libc.so.6
7f635a9cd000-7f635a9d1000 r--p 001f6000 08:30 600592014                  /nix/store/4nlgxhb09sdr51nc9hdm8az5b08vzkgx-glibc-2.35-163/lib/libc.so.6
7f635a9d1000-7f635a9d3000 rw-p 001fa000 08:30 600592014                  /nix/store/4nlgxhb09sdr51nc9hdm8az5b08vzkgx-glibc-2.35-163/lib/libc.so.6
7f635a9d3000-7f635a9e2000 rw-p 00000000 00:00 0 
7f635a9e2000-7f635a9e3000 r--p 00000000 08:30 600592019                  /nix/store/4nlgxhb09sdr51nc9hdm8az5b08vzkgx-glibc-2.35-163/lib/libdl.so.2
7f635a9e3000-7f635a9e4000 r-xp 00001000 08:30 600592019                  /nix/store/4nlgxhb09sdr51nc9hdm8az5b08vzkgx-glibc-2.35-163/lib/libdl.so.2
7f635a9e4000-7f635a9e5000 r--p 00002000 08:30 600592019                  /nix/store/4nlgxhb09sdr51nc9hdm8az5b08vzkgx-glibc-2.35-163/lib/libdl.so.2
7f635a9e5000-7f635a9e6000 r--p 00002000 08:30 600592019                  /nix/store/4nlgxhb09sdr51nc9hdm8az5b08vzkgx-glibc-2.35-163/lib/libdl.so.2
7f635a9e6000-7f635a9e7000 rw-p 00003000 08:30 600592019                  /nix/store/4nlgxhb09sdr51nc9hdm8az5b08vzkgx-glibc-2.35-163/lib/libdl.so.2
7f635a9e7000-7f635a9e8000 r--p 00000000 08:30 600592038                  /nix/store/4nlgxhb09sdr51nc9hdm8az5b08vzkgx-glibc-2.35-163/lib/libpthread.so.0
7f635a9e8000-7f635a9e9000 r-xp 00001000 08:30 600592038                  /nix/store/4nlgxhb09sdr51nc9hdm8az5b08vzkgx-glibc-2.35-163/lib/libpthread.so.0
7f635a9e9000-7f635a9ea000 r--p 00002000 08:30 600592038                  /nix/store/4nlgxhb09sdr51nc9hdm8az5b08vzkgx-glibc-2.35-163/lib/libpthread.so.0
7f635a9ea000-7f635a9eb000 r--p 00002000 08:30 600592038                  /nix/store/4nlgxhb09sdr51nc9hdm8az5b08vzkgx-glibc-2.35-163/lib/libpthread.so.0
7f635a9eb000-7f635a9ec000 rw-p 00003000 08:30 600592038                  /nix/store/4nlgxhb09sdr51nc9hdm8az5b08vzkgx-glibc-2.35-163/lib/libpthread.so.0
7f635a9ec000-7f635a9fa000 r-xp 00000000 08:30 707802129                  /nix/store/gpxl5qgg8kicmcvivwmybwjlpf7wh20l-graalvm17-ce-22.3.0/lib/libjli.so
7f635a9fa000-7f635a9fb000 ---p 0000e000 08:30 707802129                  /nix/store/gpxl5qgg8kicmcvivwmybwjlpf7wh20l-graalvm17-ce-22.3.0/lib/libjli.so
7f635a9fb000-7f635a9fc000 r--p 0000e000 08:30 707802129                  /nix/store/gpxl5qgg8kicmcvivwmybwjlpf7wh20l-graalvm17-ce-22.3.0/lib/libjli.so
7f635a9fc000-7f635a9fd000 rw-p 0000f000 08:30 707802129                  /nix/store/gpxl5qgg8kicmcvivwmybwjlpf7wh20l-graalvm17-ce-22.3.0/lib/libjli.so
7f635a9fd000-7f635a9fe000 rw-p 00012000 08:30 707802129                  /nix/store/gpxl5qgg8kicmcvivwmybwjlpf7wh20l-graalvm17-ce-22.3.0/lib/libjli.so
7f635a9fe000-7f635aa01000 r--p 00000000 08:30 678822167                  /nix/store/026hln0aq1hyshaxsdvhg0kmcm6yf45r-zlib-1.2.13/lib/libz.so.1.2.13
7f635aa01000-7f635aa13000 r-xp 00003000 08:30 678822167                  /nix/store/026hln0aq1hyshaxsdvhg0kmcm6yf45r-zlib-1.2.13/lib/libz.so.1.2.13
7f635aa13000-7f635aa1a000 r--p 00015000 08:30 678822167                  /nix/store/026hln0aq1hyshaxsdvhg0kmcm6yf45r-zlib-1.2.13/lib/libz.so.1.2.13
7f635aa1a000-7f635aa1b000 r--p 0001b000 08:30 678822167                  /nix/store/026hln0aq1hyshaxsdvhg0kmcm6yf45r-zlib-1.2.13/lib/libz.so.1.2.13
7f635aa1b000-7f635aa1c000 rw-p 0001c000 08:30 678822167                  /nix/store/026hln0aq1hyshaxsdvhg0kmcm6yf45r-zlib-1.2.13/lib/libz.so.1.2.13
7f635aa1c000-7f635aa1e000 rw-p 00000000 00:00 0 
7f635aa1e000-7f635aa20000 r--p 00000000 08:30 600592008                  /nix/store/4nlgxhb09sdr51nc9hdm8az5b08vzkgx-glibc-2.35-163/lib/ld-linux-x86-64.so.2
7f635aa20000-7f635aa47000 r-xp 00002000 08:30 600592008                  /nix/store/4nlgxhb09sdr51nc9hdm8az5b08vzkgx-glibc-2.35-163/lib/ld-linux-x86-64.so.2
7f635aa47000-7f635aa53000 r--p 00029000 08:30 600592008                  /nix/store/4nlgxhb09sdr51nc9hdm8az5b08vzkgx-glibc-2.35-163/lib/ld-linux-x86-64.so.2
7f635aa53000-7f635aa55000 r--p 00034000 08:30 600592008                  /nix/store/4nlgxhb09sdr51nc9hdm8az5b08vzkgx-glibc-2.35-163/lib/ld-linux-x86-64.so.2
7f635aa55000-7f635aa57000 rw-p 00036000 08:30 600592008                  /nix/store/4nlgxhb09sdr51nc9hdm8az5b08vzkgx-glibc-2.35-163/lib/ld-linux-x86-64.so.2
7ffcbcee7000-7ffcbcf0b000 rw-p 00000000 00:00 0                          [stack]
7ffcbcf5d000-7ffcbcf61000 r--p 00000000 00:00 0                          [vvar]
7ffcbcf61000-7ffcbcf63000 r-xp 00000000 00:00 0                          [vdso]
ffffffffff600000-ffffffffff601000 --xp 00000000 00:00 0                  [vsyscall]


VM Arguments:
jvm_args: -XX:ThreadPriorityPolicy=1 -XX:+UnlockExperimentalVMOptions -XX:+EnableJVMCIProduct -XX:JVMCIThreadsPerNativeLibraryRuntime=1 -XX:-UnlockExperimentalVMOptions -Declipse.application=org.eclipse.jdt.ls.core.id1 -Dosgi.bundles.defaultStartLevel=4 -Declipse.product=org.eclipse.jdt.ls.core.product -Dlog.level=ALL -Xverify:none -XX:+UseParallelGC -XX:GCTimeRatio=4 -XX:AdaptiveSizePolicyWeight=90 -Dsun.zip.disableMemoryMapping=true -Xmx512m -Xms100m 
java_command: /nix/store/q9712qvwdh22a4krw4jz2sjrz07mvjbl-jdt-language-server-1.9.0/share/java/plugins/org.eclipse.equinox.launcher_1.6.400.v20210924-0641.jar --add-modules=ALL-SYSTEM --add-opens java.base/java.util=ALL-UNNAMED --add-opens java.base/java.lang=ALL-UNNAMED -configuration /home/runner/FlatFreeEngineering/.cache/jdt-language-server/config -data /home/runner/.cache/jdt-language-server/data/home/runner/FlatFreeEngineering
java_class_path (initial): /nix/store/q9712qvwdh22a4krw4jz2sjrz07mvjbl-jdt-language-server-1.9.0/share/java/plugins/org.eclipse.equinox.launcher_1.6.400.v20210924-0641.jar
Launcher Type: SUN_STANDARD

[Global flags]
    uintx AdaptiveSizePolicyWeight                 = 90                                        {product} {command line}
     intx CICompilerCount                          = 2                                         {product} {ergonomic}
     bool EnableJVMCIProduct                       = true                                {JVMCI product} {jimage}
    uintx GCTimeRatio                              = 4                                         {product} {command line}
   size_t InitialHeapSize                          = 104857600                                 {product} {command line}
     uint JVMCIThreadsPerNativeLibraryRuntime      = 1                                   {JVMCI product} {jimage}
   size_t MaxHeapSize                              = 536870912                                 {product} {command line}
   size_t MaxNewSize                               = 178782208                                 {product} {ergonomic}
   size_t MinHeapDeltaBytes                        = 524288                                    {product} {ergonomic}
   size_t MinHeapSize                              = 104857600                                 {product} {command line}
   size_t NewSize                                  = 34603008                                  {product} {ergonomic}
    uintx NonNMethodCodeHeapSize                   = 5826188                                {pd product} {ergonomic}
    uintx NonProfiledCodeHeapSize                  = 122916026                              {pd product} {ergonomic}
   size_t OldSize                                  = 70254592                                  {product} {ergonomic}
    uintx ProfiledCodeHeapSize                     = 122916026                              {pd product} {ergonomic}
    uintx ReservedCodeCacheSize                    = 251658240                              {pd product} {ergonomic}
     bool SegmentedCodeCache                       = true                                      {product} {ergonomic}
   size_t SoftMaxHeapSize                          = 536870912                              {manageable} {ergonomic}
     intx ThreadPriorityPolicy                     = 1                                         {product} {jimage}
     bool UseCompressedClassPointers               = true                           {product lp64_product} {ergonomic}
     bool UseCompressedOops                        = true                           {product lp64_product} {ergonomic}
     bool UseParallelGC                            = true                                      {product} {command line}

Logging:
Log output configuration:
 #0: stdout all=warning uptime,level,tags
 #1: stderr all=off uptime,level,tags

Environment Variables:
JAVA_HOME=/nix/store/gpxl5qgg8kicmcvivwmybwjlpf7wh20l-graalvm17-ce-22.3.0
PATH=/nix/store/1d6ian3r8kdzspw8hacjhl3xkp40g1lj-binutils-wrapper-2.39/bin:/nix/store/dq0xwmsk1g0i2ayg6pb7y87na2knzylh-gcc-wrapper-11.3.0/bin:/nix/store/bap4d0lpcrhpwmpb8ayjcgkmvfj62lnq-bash-interactive-5.1-p16/bin:/nix/store/pr5n59mb4jzmfx6kanwxly0l07p861fg-patchelf-0.15.0/bin:/nix/store/1gf2flfqnpqbr1b4p4qz2f72y42bs56r-gcc-11.3.0/bin:/nix/store/57xv61c5zi8pphjbcwxxjlgc34p61ic9-glibc-2.35-163-bin/bin:/nix/store/a7gvj343m05j2s32xcnwr35v31ynlypr-coreutils-9.1/bin:/nix/store/039g378vc3pc3dvi9dzdlrd0i4q93qwf-binutils-2.39/bin:/nix/store/gpxl5qgg8kicmcvivwmybwjlpf7wh20l-graalvm17-ce-22.3.0/bin:/nix/store/6z9ag3ihc8mq2hzsw48lhbznvzny65nz-apache-maven-3.8.6/bin:/nix/store/q9712qvwdh22a4krw4jz2sjrz07mvjbl-jdt-language-server-1.9.0/bin:/nix/store/9zdrgm97n766nc0kj11x4xvvp00qlfk9-java-debug/bin:/nix/store/mydc6f4k2z73xlcz7ilif3v2lcaiqvza-findutils-4.9.0/bin:/nix/store/j9p3g8472iijd50vhdprx0nmk2fqn5gv-diffutils-3.8/bin:/nix/store/89zs7rms6x00xfq4dq6m7mjnhkr8a6r4-gnused-4.8/bin:/nix/store/86bp03jkmsl6f92w0yzg4s59g5mhxwmy-gnugrep-3.7/bin:/nix/store/hwcdqw4jrjnd37wxqgsd47hd0j8bnj09-gawk-5.1.1/bin:/nix/store/cfbhw8r8ags41vwqaz47r583d0p4h4a1-gnutar-1.34/bin:/nix/store/p3m1ndl1lapwrlh698bnb5lvvxh67378-gzip-1.12/bin:/nix/store/a8mhcagrsly7c7mpjrpsnaahk4aax056-bzip2-1.0.8-bin/bin:/nix/store/mblgz65m3zv9x548a3d5m96fj2pbwr09-gnumake-4.3/bin:/nix/store/dsd5gz46hdbdk2rfdimqddhq6m8m8fqs-bash-5.1-p16/bin:/nix/store/v7ljksji50mg3w61dykaa3n3y79n6nil-patch-2.7.6/bin:/nix/store/zlcnmqq14jz5x9439jf937mvayyl63da-xz-5.2.7-bin/bin:/nix/store/y6aj732zm9m87c82fpvf103a1xb22blp-file-5.43/bin:/nix/store/yq0vlv3d2f5si3ibawpq5ay2pc6knixp-nix-2.18.0pre20230808_c0e6466/bin:/nix/store/i4kzir3m7mrisxmf5xvlnkw01x4qaqr4-prybar-elisp-0.0.0-e0d9a52/bin:/nix/store/lwwivxf6h7x3cvxp9zv8sj0mv7dak99r-prybar-lua-0.0.0-e0d9a52/bin:/nix/store/gxj28g1cg4hq3qanmjv07156h800qr58-prybar-python3-0.0.0-e0d9a52/bin:/nix/store/hshkjnxrgidigf8x75vg6lqng2xlx9i3-prybar-sqlite-0.0.0-e0d9a52/bin:/nix/store/c4w01bpjgyy5ixmwdk8m1pw87zq4sl
LD_LIBRARY_PATH=/nix/store/a4pff549sk2idnkpzk5nsfps3mdkdnvm-cups-2.4.2-lib/lib:/nix/store/72mqxxhh3cy5yifh92wh2yb8cl2hikyy-cairo-1.16.0/lib:/nix/store/2k366jrbsra97gjfxwvrhvixjfxdach5-glib-2.74.1/lib:/nix/store/2j2znigd8ak37rlwh9khz0ry3clqlw1l-gtk+3-3.24.34/lib:/nix/store/q4hrphx851xvkcnyyvqqyf1yjgmkmiar-mesa-22.2.3-drivers/lib:/nix/store/cxhib72pd7n3fzl1yh6lrm4q16l42kws-libglvnd-1.5.0/lib:/nix/store/bvihhgw8bh6cqqlj0d4s8cvmm4mqmzfc-pulseaudio-16.1/lib
DISPLAY=:0
LANG=en_US.UTF-8

Signal Handlers:
   SIGSEGV: crash_handler in libjvm.so, mask=11100100010111111101111111111110, flags=SA_RESTART|SA_SIGINFO
    SIGBUS: crash_handler in libjvm.so, mask=11100100010111111101111111111110, flags=SA_RESTART|SA_SIGINFO
    SIGFPE: crash_handler in libjvm.so, mask=11100100010111111101111111111110, flags=SA_RESTART|SA_SIGINFO
   SIGPIPE: IsolateEnterStub_IgnoreSIGPIPEStartupHook_noopSignalHandler_8f19bff2f35b5f630d83b364d6b2339320d4ec70_216e8361c6bc87a8f89f58cc10d3b2fd4415bf87 in libjvmcicompiler.so, mask=00000000000000000000000000000000, flags=SA_RESTART
  *** Handler was modified!
  *** Expected: javaSignalHandler in libjvm.so, mask=11100100110111111111111111111110, flags=SA_RESTART|SA_SIGINFO
   SIGXFSZ: javaSignalHandler in libjvm.so, mask=11100100010111111101111111111110, flags=SA_RESTART|SA_SIGINFO
    SIGILL: crash_handler in libjvm.so, mask=11100100010111111101111111111110, flags=SA_RESTART|SA_SIGINFO
   SIGUSR2: SR_handler in libjvm.so, mask=00000000000000000000000000000000, flags=SA_RESTART|SA_SIGINFO
    SIGHUP: UserHandler in libjvm.so, mask=11100100010111111101111111111110, flags=SA_RESTART|SA_SIGINFO
    SIGINT: UserHandler in libjvm.so, mask=11100100010111111101111111111110, flags=SA_RESTART|SA_SIGINFO
   SIGTERM: UserHandler in libjvm.so, mask=11100100010111111101111111111110, flags=SA_RESTART|SA_SIGINFO
   SIGQUIT: UserHandler in libjvm.so, mask=11100100010111111101111111111110, flags=SA_RESTART|SA_SIGINFO
  *** Handler was modified!
  *** Expected: javaSignalHandler in libjvm.so, mask=11100100110111111111111111111110, flags=SA_RESTART|SA_SIGINFO
   SIGTRAP: crash_handler in libjvm.so, mask=11100100010111111101111111111110, flags=SA_RESTART|SA_SIGINFO


---------------  S Y S T E M  ---------------

OS:
DISTRIB_ID=Ubuntu
DISTRIB_RELEASE=20.04
DISTRIB_CODENAME=focal
DISTRIB_DESCRIPTION="Ubuntu 20.04.2 LTS"
uname: Linux 6.5.0-1013-gcp #13~22.04.1-Ubuntu SMP Wed Jan 24 23:39:40 UTC 2024 x86_64
OS uptime: 0 days 0:17 hours
libc: glibc 2.35 NPTL 2.35 
rlimit (soft/hard): STACK 8192k/infinity , CORE infinity/infinity , NPROC infinity/infinity , NOFILE 5242/5242 , AS infinity/infinity , CPU infinity/infinity , DATA infinity/infinity , FSIZE infinity/infinity , MEMLOCK 8192k/8192k
load average: 5.37 6.44 4.09

/proc/meminfo:
MemTotal:       65835404 kB
MemFree:        50018224 kB
MemAvailable:   57273612 kB
Buffers:          874380 kB
Cached:          6470428 kB
SwapCached:            0 kB
Active:          9269116 kB
Inactive:        5318816 kB
Active(anon):    6976532 kB
Inactive(anon):   197104 kB
Active(file):    2292584 kB
Inactive(file):  5121712 kB
Unevictable:       27972 kB
Mlocked:           27972 kB
SwapTotal:             0 kB
SwapFree:              0 kB
Zswap:                 0 kB
Zswapped:              0 kB
Dirty:              3868 kB
Writeback:             0 kB
AnonPages:       7218992 kB
Mapped:          1374060 kB
Shmem:             12256 kB
KReclaimable:     567544 kB
Slab:             805824 kB
SReclaimable:     567544 kB
SUnreclaim:       238280 kB
KernelStack:       58960 kB
PageTables:       103448 kB
SecPageTables:         0 kB
NFS_Unstable:          0 kB
Bounce:                0 kB
WritebackTmp:          0 kB
CommitLimit:    32917700 kB
Committed_AS:   22895012 kB
VmallocTotal:   34359738367 kB
VmallocUsed:       75416 kB
VmallocChunk:          0 kB
Percpu:            14368 kB
HardwareCorrupted:     0 kB
AnonHugePages:    106496 kB
ShmemHugePages:        0 kB
ShmemPmdMapped:        0 kB
FileHugePages:         0 kB
FilePmdMapped:         0 kB
Unaccepted:            0 kB
HugePages_Total:       0
HugePages_Free:        0
HugePages_Rsvd:        0
HugePages_Surp:        0
Hugepagesize:       2048 kB
Hugetlb:               0 kB
DirectMap4k:      162616 kB
DirectMap2M:     8222720 kB
DirectMap1G:    60817408 kB

/sys/kernel/mm/transparent_hugepage/enabled: always [madvise] never
/sys/kernel/mm/transparent_hugepage/defrag (defrag/compaction efforts parameter): always defer defer+madvise [madvise] never

Process Memory:
Virtual Size: 4723324K (peak: 4742972K)
Resident Set Size: 738844K (peak: 767136K) (anon: 541180K, file: 197664K, shmem: 0K)
Swapped out: 0K
C-Heap outstanding allocations: 39664K, retained: 11995K
glibc malloc tunables: (default)

/proc/sys/kernel/threads-max (system-wide limit on the number of threads): 514277
/proc/sys/vm/max_map_count (maximum number of memory map areas a process may have): 65530
/proc/sys/kernel/pid_max (system-wide limit on number of process identifiers): 4194304

container (cgroup) information:
container_type: cgroupv2
cpu_cpuset_cpus: not supported
cpu_memory_nodes: not supported
active_processor_count: 1
cpu_quota: 50000
cpu_period: 100000
cpu_shares: no shares
memory_limit_in_bytes: 1048576 k
memory_and_swap_limit_in_bytes: unlimited
memory_soft_limit_in_bytes: 524288 k
memory_usage_in_bytes: 611348 k
memory_max_usage_in_bytes: not supported
maximum number of tasks: not supported
current number of tasks: not supported

KVM virtualization detected
Steal ticks since vm start: 1809
Steal ticks percentage since vm start:  0.005

CPU: total 8 (initial active 1) (4 cores per cpu, 2 threads per core) family 6 model 79 stepping 0 microcode 0xffffffff, cx8, cmov, fxsr, ht, mmx, 3dnowpref, sse, sse2, sse3, ssse3, sse4.1, sse4.2, popcnt, lzcnt, tsc, tscinvbit, avx, avx2, aes, erms, clmul, bmi1, bmi2, rtm, adx, fma, vzeroupper, clflush, hv
CPU Model and flags from /proc/cpuinfo:
model name	: Intel(R) Xeon(R) CPU @ 2.20GHz
flags		: fpu vme de pse tsc msr pae mce cx8 apic sep mtrr pge mca cmov pat pse36 clflush mmx fxsr sse sse2 ss ht syscall nx pdpe1gb rdtscp lm constant_tsc rep_good nopl xtopology nonstop_tsc cpuid tsc_known_freq pni pclmulqdq ssse3 fma cx16 pcid sse4_1 sse4_2 x2apic movbe popcnt aes xsave avx f16c rdrand hypervisor lahf_lm abm 3dnowprefetch invpcid_single pti ssbd ibrs ibpb stibp fsgsbase tsc_adjust bmi1 hle avx2 smep bmi2 erms invpcid rtm rdseed adx smap xsaveopt arat md_clear arch_capabilities

Online cpus: 0-7
Offline cpus: 
BIOS frequency limitation: <Not Available>
Frequency switch latency (ns): <Not Available>
Available cpu frequencies: <Not Available>
Current governor: <Not Available>
Core performance/turbo boost: <Not Available>

Memory: 4k page, physical 1048576k(437216k free), swap 0k(0k free)
Page Sizes: 4k

vm_info: OpenJDK 64-Bit Server VM (17.0.5+8-jvmci-22.3-b08) for linux-amd64 JRE (17.0.5+8-jvmci-22.3-b08), built on Oct 19 2022 09:01:27 by "buildslave" with gcc 10.3.0

END.
